[ 2017-03-16T17:33:16+08:00 ] 127.0.0.1 /index.php/Mobile/Index/index.html
INFO: [ app_init ] --START--
INFO: Run Behavior\BuildLiteBehavior [ RunTime:0.000000s ]
INFO: [ app_init ] --END-- [ RunTime:0.000000s ]
INFO: [ app_begin ] --START--
INFO: Run Behavior\ReadHtmlCacheBehavior [ RunTime:0.002000s ]
INFO: [ app_begin ] --END-- [ RunTime:0.002000s ]
SQL: SHOW COLUMNS FROM `oj_job` [ RunTime:0.0320s ]
SQL: SELECT COUNT(*) AS tp_count FROM `oj_job` WHERE `state` = 1 LIMIT 1   [ RunTime:0.0310s ]
SQL: SELECT `jid`,`company_id`,`salary_high`,`salary_low`,`name`,`create_time` FROM `oj_job` WHERE `state` = 1 ORDER BY is_top LIMIT 0,10   [ RunTime:0.0330s ]
SQL: SHOW COLUMNS FROM `oj_company` [ RunTime:0.0330s ]
SQL: SELECT `name` FROM `oj_company` WHERE `id` = 1 LIMIT 1   [ RunTime:0.0330s ]
SQL: SELECT `name` FROM `oj_company` WHERE `id` = 348 LIMIT 1   [ RunTime:0.0310s ]
SQL: SELECT `name` FROM `oj_company` WHERE `id` = 10 LIMIT 1   [ RunTime:0.0310s ]
SQL: SELECT `name` FROM `oj_company` WHERE `id` = 9 LIMIT 1   [ RunTime:0.0310s ]
SQL: SELECT `name` FROM `oj_company` WHERE `id` = 15 LIMIT 1   [ RunTime:0.0310s ]
SQL: SELECT `name` FROM `oj_company` WHERE `id` = 7 LIMIT 1   [ RunTime:0.0320s ]
SQL: SELECT `name` FROM `oj_company` WHERE `id` = 21 LIMIT 1   [ RunTime:0.0320s ]
SQL: SELECT `name` FROM `oj_company` WHERE `id` = 22 LIMIT 1   [ RunTime:0.0320s ]
SQL: SELECT `name` FROM `oj_company` WHERE `id` = 2 LIMIT 1   [ RunTime:0.0310s ]
SQL: SELECT `name` FROM `oj_company` WHERE `id` = 1 LIMIT 1   [ RunTime:0.0310s ]
INFO: [ view_parse ] --START--
INFO: [ template_filter ] --START--
INFO: Run Behavior\ContentReplaceBehavior [ RunTime:0.001000s ]
INFO: [ template_filter ] --END-- [ RunTime:0.001000s ]
NOTIC: [8] Undefined index: user D:\TortoiseSVNspace\onejobtest\Application\Runtime\Cache\Mobile\59803a09875c7569286531ef77035039.php 第 133 行.
NOTIC: [8] Undefined index: company D:\TortoiseSVNspace\onejobtest\Application\Runtime\Cache\Mobile\59803a09875c7569286531ef77035039.php 第 134 行.
INFO: Run Behavior\ParseTemplateBehavior [ RunTime:0.061004s ]
INFO: [ view_parse ] --END-- [ RunTime:0.061004s ]
INFO: [ view_filter ] --START--
INFO: Run Behavior\WriteHtmlCacheBehavior [ RunTime:0.001000s ]
INFO: [ view_filter ] --END-- [ RunTime:0.001000s ]
INFO: [ app_end ] --START--
INFO: Run Behavior\ShowPageTraceBehavior [ RunTime:0.003000s ]
INFO: [ app_end ] --END-- [ RunTime:0.003000s ]
NOTIC: [2] ini_set(): A session is active. You cannot change the session module's ini settings at this time D:\TortoiseSVNspace\onejobtest\index.php 第 25 行.

[ 2017-03-16T17:33:16+08:00 ] 127.0.0.1 /index.php/Mobile/Index/index.js.map
INFO: [ app_init ] --START--
INFO: Run Behavior\BuildLiteBehavior [ RunTime:0.000000s ]
INFO: [ app_init ] --END-- [ RunTime:0.000000s ]
INFO: [ app_begin ] --START--
INFO: Run Behavior\ReadHtmlCacheBehavior [ RunTime:0.001000s ]
INFO: [ app_begin ] --END-- [ RunTime:0.001000s ]
ERR: 非法操作:index.js.map

[ 2017-03-16T17:33:23+08:00 ] 127.0.0.1 /index.php/Mobile/Index/index.html
INFO: [ app_init ] --START--
INFO: Run Behavior\BuildLiteBehavior [ RunTime:0.000000s ]
INFO: [ app_init ] --END-- [ RunTime:0.000000s ]
INFO: [ app_begin ] --START--
INFO: Run Behavior\ReadHtmlCacheBehavior [ RunTime:0.001000s ]
INFO: [ app_begin ] --END-- [ RunTime:0.002000s ]
SQL: SHOW COLUMNS FROM `oj_job` [ RunTime:0.0340s ]
SQL: SELECT COUNT(*) AS tp_count FROM `oj_job` WHERE `state` = 1 LIMIT 1   [ RunTime:0.0330s ]
SQL: SELECT `jid`,`company_id`,`salary_high`,`salary_low`,`name`,`create_time` FROM `oj_job` WHERE `state` = 1 ORDER BY is_top LIMIT 0,10   [ RunTime:0.0340s ]
SQL: SHOW COLUMNS FROM `oj_company` [ RunTime:0.0340s ]
SQL: SELECT `name` FROM `oj_company` WHERE `id` = 1 LIMIT 1   [ RunTime:0.0320s ]
SQL: SELECT `name` FROM `oj_company` WHERE `id` = 348 LIMIT 1   [ RunTime:0.0330s ]
SQL: SELECT `name` FROM `oj_company` WHERE `id` = 10 LIMIT 1   [ RunTime:0.0320s ]
SQL: SELECT `name` FROM `oj_company` WHERE `id` = 9 LIMIT 1   [ RunTime:0.0330s ]
SQL: SELECT `name` FROM `oj_company` WHERE `id` = 15 LIMIT 1   [ RunTime:0.0320s ]
SQL: SELECT `name` FROM `oj_company` WHERE `id` = 7 LIMIT 1   [ RunTime:0.0320s ]
SQL: SELECT `name` FROM `oj_company` WHERE `id` = 21 LIMIT 1   [ RunTime:0.0330s ]
SQL: SELECT `name` FROM `oj_company` WHERE `id` = 22 LIMIT 1   [ RunTime:0.0320s ]
SQL: SELECT `name` FROM `oj_company` WHERE `id` = 2 LIMIT 1   [ RunTime:0.0320s ]
SQL: SELECT `name` FROM `oj_company` WHERE `id` = 1 LIMIT 1   [ RunTime:0.0320s ]
INFO: [ view_parse ] --START--
INFO: [ template_filter ] --START--
INFO: Run Behavior\ContentReplaceBehavior [ RunTime:0.000000s ]
INFO: [ template_filter ] --END-- [ RunTime:0.000000s ]
NOTIC: [8] Undefined index: user D:\TortoiseSVNspace\onejobtest\Application\Runtime\Cache\Mobile\59803a09875c7569286531ef77035039.php 第 133 行.
NOTIC: [8] Undefined index: company D:\TortoiseSVNspace\onejobtest\Application\Runtime\Cache\Mobile\59803a09875c7569286531ef77035039.php 第 134 行.
INFO: Run Behavior\ParseTemplateBehavior [ RunTime:0.016001s ]
INFO: [ view_parse ] --END-- [ RunTime:0.016001s ]
INFO: [ view_filter ] --START--
INFO: Run Behavior\WriteHtmlCacheBehavior [ RunTime:0.001000s ]
INFO: [ view_filter ] --END-- [ RunTime:0.001000s ]
INFO: [ app_end ] --START--
INFO: Run Behavior\ShowPageTraceBehavior [ RunTime:0.001000s ]
INFO: [ app_end ] --END-- [ RunTime:0.002000s ]
NOTIC: [2] ini_set(): A session is active. You cannot change the session module's ini settings at this time D:\TortoiseSVNspace\onejobtest\index.php 第 25 行.

[ 2017-03-16T17:33:24+08:00 ] 127.0.0.1 /index.php/Mobile/Index/index.js.map
INFO: [ app_init ] --START--
INFO: Run Behavior\BuildLiteBehavior [ RunTime:0.000000s ]
INFO: [ app_init ] --END-- [ RunTime:0.000000s ]
INFO: [ app_begin ] --START--
INFO: Run Behavior\ReadHtmlCacheBehavior [ RunTime:0.001000s ]
INFO: [ app_begin ] --END-- [ RunTime:0.001000s ]
ERR: 非法操作:index.js.map

[ 2017-03-16T17:33:27+08:00 ] 127.0.0.1 /index.php/Mobile/Index/index.html
INFO: [ app_init ] --START--
INFO: Run Behavior\BuildLiteBehavior [ RunTime:0.000000s ]
INFO: [ app_init ] --END-- [ RunTime:0.000000s ]
INFO: [ app_begin ] --START--
INFO: Run Behavior\ReadHtmlCacheBehavior [ RunTime:0.001000s ]
INFO: [ app_begin ] --END-- [ RunTime:0.001000s ]
SQL: SHOW COLUMNS FROM `oj_job` [ RunTime:0.0330s ]
SQL: SELECT COUNT(*) AS tp_count FROM `oj_job` WHERE `state` = 1 LIMIT 1   [ RunTime:0.0320s ]
SQL: SELECT `jid`,`company_id`,`salary_high`,`salary_low`,`name`,`create_time` FROM `oj_job` WHERE `state` = 1 ORDER BY is_top LIMIT 0,10   [ RunTime:0.0330s ]
SQL: SHOW COLUMNS FROM `oj_company` [ RunTime:0.0330s ]
SQL: SELECT `name` FROM `oj_company` WHERE `id` = 1 LIMIT 1   [ RunTime:0.0330s ]
SQL: SELECT `name` FROM `oj_company` WHERE `id` = 348 LIMIT 1   [ RunTime:0.0320s ]
SQL: SELECT `name` FROM `oj_company` WHERE `id` = 10 LIMIT 1   [ RunTime:0.0320s ]
SQL: SELECT `name` FROM `oj_company` WHERE `id` = 9 LIMIT 1   [ RunTime:0.0340s ]
SQL: SELECT `name` FROM `oj_company` WHERE `id` = 15 LIMIT 1   [ RunTime:0.0310s ]
SQL: SELECT `name` FROM `oj_company` WHERE `id` = 7 LIMIT 1   [ RunTime:0.0370s ]
SQL: SELECT `name` FROM `oj_company` WHERE `id` = 21 LIMIT 1   [ RunTime:0.0310s ]
SQL: SELECT `name` FROM `oj_company` WHERE `id` = 22 LIMIT 1   [ RunTime:0.0310s ]
SQL: SELECT `name` FROM `oj_company` WHERE `id` = 2 LIMIT 1   [ RunTime:0.0310s ]
SQL: SELECT `name` FROM `oj_company` WHERE `id` = 1 LIMIT 1   [ RunTime:0.0310s ]
INFO: [ view_parse ] --START--
INFO: [ template_filter ] --START--
INFO: Run Behavior\ContentReplaceBehavior [ RunTime:0.000000s ]
INFO: [ template_filter ] --END-- [ RunTime:0.000000s ]
NOTIC: [8] Undefined index: user D:\TortoiseSVNspace\onejobtest\Application\Runtime\Cache\Mobile\59803a09875c7569286531ef77035039.php 第 133 行.
NOTIC: [8] Undefined index: company D:\TortoiseSVNspace\onejobtest\Application\Runtime\Cache\Mobile\59803a09875c7569286531ef77035039.php 第 134 行.
INFO: Run Behavior\ParseTemplateBehavior [ RunTime:0.019001s ]
INFO: [ view_parse ] --END-- [ RunTime:0.019001s ]
INFO: [ view_filter ] --START--
INFO: Run Behavior\WriteHtmlCacheBehavior [ RunTime:0.001000s ]
INFO: [ view_filter ] --END-- [ RunTime:0.001000s ]
INFO: [ app_end ] --START--
INFO: Run Behavior\ShowPageTraceBehavior [ RunTime:0.001000s ]
INFO: [ app_end ] --END-- [ RunTime:0.001000s ]
NOTIC: [2] ini_set(): A session is active. You cannot change the session module's ini settings at this time D:\TortoiseSVNspace\onejobtest\index.php 第 25 行.

[ 2017-03-16T17:38:43+08:00 ] 127.0.0.1 /index.php/Mobile/Index/index.html
INFO: [ app_init ] --START--
INFO: Run Behavior\BuildLiteBehavior [ RunTime:0.000000s ]
INFO: [ app_init ] --END-- [ RunTime:0.000000s ]
INFO: [ app_begin ] --START--
INFO: Run Behavior\ReadHtmlCacheBehavior [ RunTime:0.000000s ]
INFO: [ app_begin ] --END-- [ RunTime:0.000000s ]
SQL: SHOW COLUMNS FROM `oj_job` [ RunTime:0.0340s ]
SQL: SELECT COUNT(*) AS tp_count FROM `oj_job` WHERE `state` = 1 LIMIT 1   [ RunTime:0.0340s ]
SQL: SELECT `jid`,`company_id`,`salary_high`,`salary_low`,`name`,`create_time` FROM `oj_job` WHERE `state` = 1 ORDER BY is_top LIMIT 0,10   [ RunTime:0.0330s ]
SQL: SHOW COLUMNS FROM `oj_company` [ RunTime:0.0340s ]
SQL: SELECT `name` FROM `oj_company` WHERE `id` = 1 LIMIT 1   [ RunTime:0.0320s ]
SQL: SELECT `name` FROM `oj_company` WHERE `id` = 348 LIMIT 1   [ RunTime:0.0320s ]
SQL: SELECT `name` FROM `oj_company` WHERE `id` = 10 LIMIT 1   [ RunTime:0.0330s ]
SQL: SELECT `name` FROM `oj_company` WHERE `id` = 9 LIMIT 1   [ RunTime:0.0330s ]
SQL: SELECT `name` FROM `oj_company` WHERE `id` = 15 LIMIT 1   [ RunTime:0.0330s ]
SQL: SELECT `name` FROM `oj_company` WHERE `id` = 7 LIMIT 1   [ RunTime:0.0320s ]
SQL: SELECT `name` FROM `oj_company` WHERE `id` = 21 LIMIT 1   [ RunTime:0.0320s ]
SQL: SELECT `name` FROM `oj_company` WHERE `id` = 22 LIMIT 1   [ RunTime:0.0320s ]
SQL: SELECT `name` FROM `oj_company` WHERE `id` = 2 LIMIT 1   [ RunTime:0.0320s ]
SQL: SELECT `name` FROM `oj_company` WHERE `id` = 1 LIMIT 1   [ RunTime:0.0330s ]
INFO: [ view_parse ] --START--
INFO: [ template_filter ] --START--
INFO: Run Behavior\ContentReplaceBehavior [ RunTime:0.000000s ]
INFO: [ template_filter ] --END-- [ RunTime:0.000000s ]
NOTIC: [8] Undefined index: user D:\TortoiseSVNspace\onejobtest\Application\Runtime\Cache\Mobile\59803a09875c7569286531ef77035039.php 第 133 行.
NOTIC: [8] Undefined index: company D:\TortoiseSVNspace\onejobtest\Application\Runtime\Cache\Mobile\59803a09875c7569286531ef77035039.php 第 134 行.
INFO: Run Behavior\ParseTemplateBehavior [ RunTime:0.032001s ]
INFO: [ view_parse ] --END-- [ RunTime:0.032001s ]
INFO: [ view_filter ] --START--
INFO: Run Behavior\WriteHtmlCacheBehavior [ RunTime:0.002000s ]
INFO: [ view_filter ] --END-- [ RunTime:0.002000s ]
INFO: [ app_end ] --START--
INFO: Run Behavior\ShowPageTraceBehavior [ RunTime:0.003000s ]
INFO: [ app_end ] --END-- [ RunTime:0.003000s ]
NOTIC: [2] ini_set(): A session is active. You cannot change the session module's ini settings at this time D:\TortoiseSVNspace\onejobtest\index.php 第 25 行.

[ 2017-03-16T17:38:43+08:00 ] 127.0.0.1 /index.php/Mobile/Index/index.js.map
INFO: [ app_init ] --START--
INFO: Run Behavior\BuildLiteBehavior [ RunTime:0.000000s ]
INFO: [ app_init ] --END-- [ RunTime:0.000000s ]
INFO: [ app_begin ] --START--
INFO: Run Behavior\ReadHtmlCacheBehavior [ RunTime:0.001001s ]
INFO: [ app_begin ] --END-- [ RunTime:0.001001s ]
ERR: 非法操作:index.js.map

[ 2017-03-16T17:44:08+08:00 ] 127.0.0.1 /index.php/Mobile/Index/index.html
INFO: [ app_init ] --START--
INFO: Run Behavior\BuildLiteBehavior [ RunTime:0.000000s ]
INFO: [ app_init ] --END-- [ RunTime:0.000000s ]
INFO: [ app_begin ] --START--
INFO: Run Behavior\ReadHtmlCacheBehavior [ RunTime:0.001000s ]
INFO: [ app_begin ] --END-- [ RunTime:0.001000s ]
SQL: SHOW COLUMNS FROM `oj_job` [ RunTime:0.0350s ]
SQL: SELECT COUNT(*) AS tp_count FROM `oj_job` WHERE `state` = 1 LIMIT 1   [ RunTime:0.0320s ]
SQL: SELECT `jid`,`company_id`,`salary_high`,`salary_low`,`name`,`create_time` FROM `oj_job` WHERE `state` = 1 ORDER BY is_top LIMIT 0,10   [ RunTime:0.0360s ]
SQL: SHOW COLUMNS FROM `oj_company` [ RunTime:0.0320s ]
SQL: SELECT `name` FROM `oj_company` WHERE `id` = 1 LIMIT 1   [ RunTime:0.0320s ]
SQL: SELECT `name` FROM `oj_company` WHERE `id` = 348 LIMIT 1   [ RunTime:0.0310s ]
SQL: SELECT `name` FROM `oj_company` WHERE `id` = 10 LIMIT 1   [ RunTime:0.0310s ]
SQL: SELECT `name` FROM `oj_company` WHERE `id` = 9 LIMIT 1   [ RunTime:0.0320s ]
SQL: SELECT `name` FROM `oj_company` WHERE `id` = 15 LIMIT 1   [ RunTime:0.0330s ]
SQL: SELECT `name` FROM `oj_company` WHERE `id` = 7 LIMIT 1   [ RunTime:0.0320s ]
SQL: SELECT `name` FROM `oj_company` WHERE `id` = 21 LIMIT 1   [ RunTime:0.0310s ]
SQL: SELECT `name` FROM `oj_company` WHERE `id` = 22 LIMIT 1   [ RunTime:0.0320s ]
SQL: SELECT `name` FROM `oj_company` WHERE `id` = 2 LIMIT 1   [ RunTime:0.0320s ]
SQL: SELECT `name` FROM `oj_company` WHERE `id` = 1 LIMIT 1   [ RunTime:0.0320s ]
INFO: [ view_parse ] --START--
INFO: [ template_filter ] --START--
INFO: Run Behavior\ContentReplaceBehavior [ RunTime:0.000000s ]
INFO: [ template_filter ] --END-- [ RunTime:0.000000s ]
NOTIC: [8] Undefined index: user D:\TortoiseSVNspace\onejobtest\Application\Runtime\Cache\Mobile\59803a09875c7569286531ef77035039.php 第 133 行.
NOTIC: [8] Undefined index: company D:\TortoiseSVNspace\onejobtest\Application\Runtime\Cache\Mobile\59803a09875c7569286531ef77035039.php 第 134 行.
INFO: Run Behavior\ParseTemplateBehavior [ RunTime:0.009001s ]
INFO: [ view_parse ] --END-- [ RunTime:0.009001s ]
INFO: [ view_filter ] --START--
INFO: Run Behavior\WriteHtmlCacheBehavior [ RunTime:0.001000s ]
INFO: [ view_filter ] --END-- [ RunTime:0.001000s ]
INFO: [ app_end ] --START--
INFO: Run Behavior\ShowPageTraceBehavior [ RunTime:0.001000s ]
INFO: [ app_end ] --END-- [ RunTime:0.001000s ]
NOTIC: [2] ini_set(): A session is active. You cannot change the session module's ini settings at this time D:\TortoiseSVNspace\onejobtest\index.php 第 25 行.

[ 2017-03-16T17:44:09+08:00 ] 127.0.0.1 /index.php/Mobile/Index/index.js.map
INFO: [ app_init ] --START--
INFO: Run Behavior\BuildLiteBehavior [ RunTime:0.000000s ]
INFO: [ app_init ] --END-- [ RunTime:0.000000s ]
INFO: [ app_begin ] --START--
INFO: Run Behavior\ReadHtmlCacheBehavior [ RunTime:0.000000s ]
INFO: [ app_begin ] --END-- [ RunTime:0.000000s ]
ERR: 非法操作:index.js.map

[ 2017-03-16T17:49:29+08:00 ] 127.0.0.1 /index.php/Mobile/Index/index.html
INFO: [ app_init ] --START--
INFO: Run Behavior\BuildLiteBehavior [ RunTime:0.000000s ]
INFO: [ app_init ] --END-- [ RunTime:0.000000s ]
INFO: [ app_begin ] --START--
INFO: Run Behavior\ReadHtmlCacheBehavior [ RunTime:0.001000s ]
INFO: [ app_begin ] --END-- [ RunTime:0.001000s ]
SQL: SHOW COLUMNS FROM `oj_job` [ RunTime:0.0300s ]
SQL: SELECT COUNT(*) AS tp_count FROM `oj_job` WHERE `state` = 1 LIMIT 1   [ RunTime:0.0310s ]
SQL: SELECT `jid`,`company_id`,`salary_high`,`salary_low`,`name`,`create_time` FROM `oj_job` WHERE `state` = 1 ORDER BY is_top LIMIT 0,10   [ RunTime:0.0300s ]
SQL: SHOW COLUMNS FROM `oj_company` [ RunTime:0.0310s ]
SQL: SELECT `name` FROM `oj_company` WHERE `id` = 1 LIMIT 1   [ RunTime:0.0300s ]
SQL: SELECT `name` FROM `oj_company` WHERE `id` = 348 LIMIT 1   [ RunTime:0.0300s ]
SQL: SELECT `name` FROM `oj_company` WHERE `id` = 10 LIMIT 1   [ RunTime:0.0300s ]
SQL: SELECT `name` FROM `oj_company` WHERE `id` = 9 LIMIT 1   [ RunTime:0.0300s ]
SQL: SELECT `name` FROM `oj_company` WHERE `id` = 15 LIMIT 1   [ RunTime:0.0300s ]
SQL: SELECT `name` FROM `oj_company` WHERE `id` = 7 LIMIT 1   [ RunTime:0.0300s ]
SQL: SELECT `name` FROM `oj_company` WHERE `id` = 21 LIMIT 1   [ RunTime:0.0300s ]
SQL: SELECT `name` FROM `oj_company` WHERE `id` = 22 LIMIT 1   [ RunTime:0.0300s ]
SQL: SELECT `name` FROM `oj_company` WHERE `id` = 2 LIMIT 1   [ RunTime:0.0290s ]
SQL: SELECT `name` FROM `oj_company` WHERE `id` = 1 LIMIT 1   [ RunTime:0.0670s ]
INFO: [ view_parse ] --START--
INFO: [ template_filter ] --START--
INFO: Run Behavior\ContentReplaceBehavior [ RunTime:0.000000s ]
INFO: [ template_filter ] --END-- [ RunTime:0.000000s ]
NOTIC: [8] Undefined index: user D:\TortoiseSVNspace\onejobtest\Application\Runtime\Cache\Mobile\59803a09875c7569286531ef77035039.php 第 133 行.
NOTIC: [8] Undefined index: company D:\TortoiseSVNspace\onejobtest\Application\Runtime\Cache\Mobile\59803a09875c7569286531ef77035039.php 第 134 行.
INFO: Run Behavior\ParseTemplateBehavior [ RunTime:0.013000s ]
INFO: [ view_parse ] --END-- [ RunTime:0.013000s ]
INFO: [ view_filter ] --START--
INFO: Run Behavior\WriteHtmlCacheBehavior [ RunTime:0.001000s ]
INFO: [ view_filter ] --END-- [ RunTime:0.001000s ]
INFO: [ app_end ] --START--
INFO: Run Behavior\ShowPageTraceBehavior [ RunTime:0.001000s ]
INFO: [ app_end ] --END-- [ RunTime:0.001000s ]
NOTIC: [2] ini_set(): A session is active. You cannot change the session module's ini settings at this time D:\TortoiseSVNspace\onejobtest\index.php 第 25 行.

[ 2017-03-16T17:49:30+08:00 ] 127.0.0.1 /index.php/Mobile/Index/index.js.map
INFO: [ app_init ] --START--
INFO: Run Behavior\BuildLiteBehavior [ RunTime:0.000000s ]
INFO: [ app_init ] --END-- [ RunTime:0.000000s ]
INFO: [ app_begin ] --START--
INFO: Run Behavior\ReadHtmlCacheBehavior [ RunTime:0.001000s ]
INFO: [ app_begin ] --END-- [ RunTime:0.001000s ]
ERR: 非法操作:index.js.map

[ 2017-03-16T21:29:27+08:00 ] 127.0.0.1 /index.php/Mobile/Index/index.html
INFO: [ app_init ] --START--
INFO: Run Behavior\BuildLiteBehavior [ RunTime:0.000000s ]
INFO: [ app_init ] --END-- [ RunTime:0.000000s ]
INFO: [ app_begin ] --START--
INFO: Run Behavior\ReadHtmlCacheBehavior [ RunTime:0.001000s ]
INFO: [ app_begin ] --END-- [ RunTime:0.001000s ]
SQL: SHOW COLUMNS FROM `oj_job` [ RunTime:0.0330s ]
SQL: SELECT COUNT(*) AS tp_count FROM `oj_job` WHERE `state` = 1 LIMIT 1   [ RunTime:0.0310s ]
SQL: SELECT `jid`,`company_id`,`salary_high`,`salary_low`,`name`,`create_time` FROM `oj_job` WHERE `state` = 1 ORDER BY is_top LIMIT 0,10   [ RunTime:0.0320s ]
SQL: SHOW COLUMNS FROM `oj_company` [ RunTime:0.0320s ]
SQL: SELECT `name` FROM `oj_company` WHERE `id` = 1 LIMIT 1   [ RunTime:0.0320s ]
SQL: SELECT `name` FROM `oj_company` WHERE `id` = 348 LIMIT 1   [ RunTime:0.0310s ]
SQL: SELECT `name` FROM `oj_company` WHERE `id` = 10 LIMIT 1   [ RunTime:0.0310s ]
SQL: SELECT `name` FROM `oj_company` WHERE `id` = 9 LIMIT 1   [ RunTime:0.0310s ]
SQL: SELECT `name` FROM `oj_company` WHERE `id` = 15 LIMIT 1   [ RunTime:0.0300s ]
SQL: SELECT `name` FROM `oj_company` WHERE `id` = 7 LIMIT 1   [ RunTime:0.0310s ]
SQL: SELECT `name` FROM `oj_company` WHERE `id` = 21 LIMIT 1   [ RunTime:0.0320s ]
SQL: SELECT `name` FROM `oj_company` WHERE `id` = 22 LIMIT 1   [ RunTime:0.0310s ]
SQL: SELECT `name` FROM `oj_company` WHERE `id` = 2 LIMIT 1   [ RunTime:0.0320s ]
SQL: SELECT `name` FROM `oj_company` WHERE `id` = 1 LIMIT 1   [ RunTime:0.0310s ]
INFO: [ view_parse ] --START--
INFO: [ template_filter ] --START--
INFO: Run Behavior\ContentReplaceBehavior [ RunTime:0.001000s ]
INFO: [ template_filter ] --END-- [ RunTime:0.001000s ]
NOTIC: [8] Undefined index: user D:\TortoiseSVNspace\onejobtest\Application\Runtime\Cache\Mobile\59803a09875c7569286531ef77035039.php 第 133 行.
NOTIC: [8] Undefined index: company D:\TortoiseSVNspace\onejobtest\Application\Runtime\Cache\Mobile\59803a09875c7569286531ef77035039.php 第 134 行.
INFO: Run Behavior\ParseTemplateBehavior [ RunTime:0.008000s ]
INFO: [ view_parse ] --END-- [ RunTime:0.008000s ]
INFO: [ view_filter ] --START--
INFO: Run Behavior\WriteHtmlCacheBehavior [ RunTime:0.000000s ]
INFO: [ view_filter ] --END-- [ RunTime:0.000000s ]
INFO: [ app_end ] --START--
INFO: Run Behavior\ShowPageTraceBehavior [ RunTime:0.000000s ]
INFO: [ app_end ] --END-- [ RunTime:0.000000s ]
NOTIC: [2] ini_set(): A session is active. You cannot change the session module's ini settings at this time D:\TortoiseSVNspace\onejobtest\index.php 第 25 行.

[ 2017-03-16T21:29:28+08:00 ] 127.0.0.1 /index.php/Mobile/Index/index.js.map
INFO: [ app_init ] --START--
INFO: Run Behavior\BuildLiteBehavior [ RunTime:0.000000s ]
INFO: [ app_init ] --END-- [ RunTime:0.000000s ]
INFO: [ app_begin ] --START--
INFO: Run Behavior\ReadHtmlCacheBehavior [ RunTime:0.001000s ]
INFO: [ app_begin ] --END-- [ RunTime:0.001000s ]
ERR: 非法操作:index.js.map

[ 2017-03-16T21:31:30+08:00 ] 127.0.0.1 /index.php/Mobile/Index/index.html
INFO: [ app_init ] --START--
INFO: Run Behavior\BuildLiteBehavior [ RunTime:0.000000s ]
INFO: [ app_init ] --END-- [ RunTime:0.000000s ]
INFO: [ app_begin ] --START--
INFO: Run Behavior\ReadHtmlCacheBehavior [ RunTime:0.000000s ]
INFO: [ app_begin ] --END-- [ RunTime:0.000000s ]
SQL: SHOW COLUMNS FROM `oj_job` [ RunTime:0.0310s ]
SQL: SELECT COUNT(*) AS tp_count FROM `oj_job` WHERE `state` = 1 LIMIT 1   [ RunTime:0.0310s ]
SQL: SELECT `jid`,`company_id`,`salary_high`,`salary_low`,`name`,`create_time` FROM `oj_job` WHERE `state` = 1 ORDER BY is_top LIMIT 0,10   [ RunTime:0.0330s ]
SQL: SHOW COLUMNS FROM `oj_company` [ RunTime:0.0310s ]
SQL: SELECT `name` FROM `oj_company` WHERE `id` = 1 LIMIT 1   [ RunTime:0.0310s ]
SQL: SELECT `name` FROM `oj_company` WHERE `id` = 348 LIMIT 1   [ RunTime:0.0300s ]
SQL: SELECT `name` FROM `oj_company` WHERE `id` = 10 LIMIT 1   [ RunTime:0.0310s ]
SQL: SELECT `name` FROM `oj_company` WHERE `id` = 9 LIMIT 1   [ RunTime:0.0300s ]
SQL: SELECT `name` FROM `oj_company` WHERE `id` = 15 LIMIT 1   [ RunTime:0.0310s ]
SQL: SELECT `name` FROM `oj_company` WHERE `id` = 7 LIMIT 1   [ RunTime:0.0310s ]
SQL: SELECT `name` FROM `oj_company` WHERE `id` = 21 LIMIT 1   [ RunTime:0.0320s ]
SQL: SELECT `name` FROM `oj_company` WHERE `id` = 22 LIMIT 1   [ RunTime:0.0310s ]
SQL: SELECT `name` FROM `oj_company` WHERE `id` = 2 LIMIT 1   [ RunTime:0.0300s ]
SQL: SELECT `name` FROM `oj_company` WHERE `id` = 1 LIMIT 1   [ RunTime:0.0490s ]
INFO: [ view_parse ] --START--
INFO: [ template_filter ] --START--
INFO: Run Behavior\ContentReplaceBehavior [ RunTime:0.000000s ]
INFO: [ template_filter ] --END-- [ RunTime:0.000000s ]
NOTIC: [8] Undefined index: user D:\TortoiseSVNspace\onejobtest\Application\Runtime\Cache\Mobile\59803a09875c7569286531ef77035039.php 第 133 行.
NOTIC: [8] Undefined index: company D:\TortoiseSVNspace\onejobtest\Application\Runtime\Cache\Mobile\59803a09875c7569286531ef77035039.php 第 134 行.
INFO: Run Behavior\ParseTemplateBehavior [ RunTime:0.016001s ]
INFO: [ view_parse ] --END-- [ RunTime:0.016001s ]
INFO: [ view_filter ] --START--
INFO: Run Behavior\WriteHtmlCacheBehavior [ RunTime:0.001000s ]
INFO: [ view_filter ] --END-- [ RunTime:0.001000s ]
INFO: [ app_end ] --START--
INFO: Run Behavior\ShowPageTraceBehavior [ RunTime:0.002001s ]
INFO: [ app_end ] --END-- [ RunTime:0.002001s ]
NOTIC: [2] ini_set(): A session is active. You cannot change the session module's ini settings at this time D:\TortoiseSVNspace\onejobtest\index.php 第 25 行.

[ 2017-03-16T21:31:31+08:00 ] 127.0.0.1 /index.php/Mobile/Index/index.js.map
INFO: [ app_init ] --START--
INFO: Run Behavior\BuildLiteBehavior [ RunTime:0.000000s ]
INFO: [ app_init ] --END-- [ RunTime:0.000000s ]
INFO: [ app_begin ] --START--
INFO: Run Behavior\ReadHtmlCacheBehavior [ RunTime:0.000000s ]
INFO: [ app_begin ] --END-- [ RunTime:0.000000s ]
ERR: 非法操作:index.js.map

