[ 2017-03-14T22:13:15+08:00 ] 127.0.0.1 /index.php/Mobile/Index/index.html
INFO: [ app_init ] --START--
INFO: Run Behavior\BuildLiteBehavior [ RunTime:0.000000s ]
INFO: [ app_init ] --END-- [ RunTime:0.000000s ]
INFO: [ app_begin ] --START--
INFO: Run Behavior\ReadHtmlCacheBehavior [ RunTime:0.001000s ]
INFO: [ app_begin ] --END-- [ RunTime:0.001000s ]
SQL: SHOW COLUMNS FROM `oj_job` [ RunTime:0.0300s ]
SQL: SELECT COUNT(*) AS tp_count FROM `oj_job` WHERE `state` = 1 LIMIT 1   [ RunTime:0.0290s ]
SQL: SELECT `jid`,`company_id`,`salary_high`,`salary_low`,`name`,`create_time` FROM `oj_job` WHERE `state` = 1 ORDER BY is_top LIMIT 0,10   [ RunTime:0.0300s ]
SQL: SHOW COLUMNS FROM `oj_company` [ RunTime:0.0300s ]
SQL: SELECT `name` FROM `oj_company` WHERE `id` = 1 LIMIT 1   [ RunTime:0.0300s ]
SQL: SELECT `name` FROM `oj_company` WHERE `id` = 318 LIMIT 1   [ RunTime:0.0290s ]
SQL: SELECT `name` FROM `oj_company` WHERE `id` = 10 LIMIT 1   [ RunTime:0.0280s ]
SQL: SELECT `name` FROM `oj_company` WHERE `id` = 9 LIMIT 1   [ RunTime:0.0280s ]
SQL: SELECT `name` FROM `oj_company` WHERE `id` = 15 LIMIT 1   [ RunTime:0.0290s ]
SQL: SELECT `name` FROM `oj_company` WHERE `id` = 7 LIMIT 1   [ RunTime:0.0290s ]
SQL: SELECT `name` FROM `oj_company` WHERE `id` = 21 LIMIT 1   [ RunTime:0.0290s ]
SQL: SELECT `name` FROM `oj_company` WHERE `id` = 22 LIMIT 1   [ RunTime:0.0290s ]
SQL: SELECT `name` FROM `oj_company` WHERE `id` = 2 LIMIT 1   [ RunTime:0.0290s ]
SQL: SELECT `name` FROM `oj_company` WHERE `id` = 1 LIMIT 1   [ RunTime:0.0280s ]
INFO: [ view_parse ] --START--
INFO: [ template_filter ] --START--
INFO: Run Behavior\ContentReplaceBehavior [ RunTime:0.000000s ]
INFO: [ template_filter ] --END-- [ RunTime:0.000000s ]
NOTIC: [8] Undefined index: user D:\TortoiseSVNspace\onejobtest\Application\Runtime\Cache\Mobile\59803a09875c7569286531ef77035039.php 第 133 行.
NOTIC: [8] Undefined index: company D:\TortoiseSVNspace\onejobtest\Application\Runtime\Cache\Mobile\59803a09875c7569286531ef77035039.php 第 134 行.
INFO: Run Behavior\ParseTemplateBehavior [ RunTime:0.044003s ]
INFO: [ view_parse ] --END-- [ RunTime:0.045003s ]
INFO: [ view_filter ] --START--
INFO: Run Behavior\WriteHtmlCacheBehavior [ RunTime:0.001000s ]
INFO: [ view_filter ] --END-- [ RunTime:0.001000s ]
INFO: [ app_end ] --START--
INFO: Run Behavior\ShowPageTraceBehavior [ RunTime:0.001000s ]
INFO: [ app_end ] --END-- [ RunTime:0.001000s ]
NOTIC: [2] ini_set(): A session is active. You cannot change the session module's ini settings at this time D:\TortoiseSVNspace\onejobtest\index.php 第 25 行.

[ 2017-03-14T22:13:16+08:00 ] 127.0.0.1 /index.php/Mobile/Index/index.js.map
INFO: [ app_init ] --START--
INFO: Run Behavior\BuildLiteBehavior [ RunTime:0.000000s ]
INFO: [ app_init ] --END-- [ RunTime:0.000000s ]
INFO: [ app_begin ] --START--
INFO: Run Behavior\ReadHtmlCacheBehavior [ RunTime:0.002000s ]
INFO: [ app_begin ] --END-- [ RunTime:0.002000s ]
ERR: 非法操作:index.js.map

[ 2017-03-14T22:16:02+08:00 ] 127.0.0.1 /index.php/Mobile/Index/index.html
INFO: [ app_init ] --START--
INFO: Run Behavior\BuildLiteBehavior [ RunTime:0.000000s ]
INFO: [ app_init ] --END-- [ RunTime:0.000000s ]
INFO: [ app_begin ] --START--
INFO: Run Behavior\ReadHtmlCacheBehavior [ RunTime:0.001000s ]
INFO: [ app_begin ] --END-- [ RunTime:0.001000s ]
SQL: SHOW COLUMNS FROM `oj_job` [ RunTime:0.0310s ]
SQL: SELECT COUNT(*) AS tp_count FROM `oj_job` WHERE `state` = 1 LIMIT 1   [ RunTime:0.0310s ]
SQL: SELECT `jid`,`company_id`,`salary_high`,`salary_low`,`name`,`create_time` FROM `oj_job` WHERE `state` = 1 ORDER BY is_top LIMIT 0,10   [ RunTime:0.0310s ]
SQL: SHOW COLUMNS FROM `oj_company` [ RunTime:0.0310s ]
SQL: SELECT `name` FROM `oj_company` WHERE `id` = 1 LIMIT 1   [ RunTime:0.0300s ]
SQL: SELECT `name` FROM `oj_company` WHERE `id` = 318 LIMIT 1   [ RunTime:0.0300s ]
SQL: SELECT `name` FROM `oj_company` WHERE `id` = 10 LIMIT 1   [ RunTime:0.0300s ]
SQL: SELECT `name` FROM `oj_company` WHERE `id` = 9 LIMIT 1   [ RunTime:0.0300s ]
SQL: SELECT `name` FROM `oj_company` WHERE `id` = 15 LIMIT 1   [ RunTime:0.0300s ]
SQL: SELECT `name` FROM `oj_company` WHERE `id` = 7 LIMIT 1   [ RunTime:0.0310s ]
SQL: SELECT `name` FROM `oj_company` WHERE `id` = 21 LIMIT 1   [ RunTime:0.0300s ]
SQL: SELECT `name` FROM `oj_company` WHERE `id` = 22 LIMIT 1   [ RunTime:0.0300s ]
SQL: SELECT `name` FROM `oj_company` WHERE `id` = 2 LIMIT 1   [ RunTime:0.0300s ]
SQL: SELECT `name` FROM `oj_company` WHERE `id` = 1 LIMIT 1   [ RunTime:0.0300s ]
INFO: [ view_parse ] --START--
INFO: [ template_filter ] --START--
INFO: Run Behavior\ContentReplaceBehavior [ RunTime:0.001000s ]
INFO: [ template_filter ] --END-- [ RunTime:0.001000s ]
NOTIC: [8] Undefined index: user D:\TortoiseSVNspace\onejobtest\Application\Runtime\Cache\Mobile\59803a09875c7569286531ef77035039.php 第 133 行.
NOTIC: [8] Undefined index: company D:\TortoiseSVNspace\onejobtest\Application\Runtime\Cache\Mobile\59803a09875c7569286531ef77035039.php 第 134 行.
INFO: Run Behavior\ParseTemplateBehavior [ RunTime:0.008001s ]
INFO: [ view_parse ] --END-- [ RunTime:0.008001s ]
INFO: [ view_filter ] --START--
INFO: Run Behavior\WriteHtmlCacheBehavior [ RunTime:0.000000s ]
INFO: [ view_filter ] --END-- [ RunTime:0.000000s ]
INFO: [ app_end ] --START--
INFO: Run Behavior\ShowPageTraceBehavior [ RunTime:0.000000s ]
INFO: [ app_end ] --END-- [ RunTime:0.000000s ]
NOTIC: [2] ini_set(): A session is active. You cannot change the session module's ini settings at this time D:\TortoiseSVNspace\onejobtest\index.php 第 25 行.

[ 2017-03-14T22:16:02+08:00 ] 127.0.0.1 /index.php/Mobile/Index/index.js.map
INFO: [ app_init ] --START--
INFO: Run Behavior\BuildLiteBehavior [ RunTime:0.000000s ]
INFO: [ app_init ] --END-- [ RunTime:0.000000s ]
INFO: [ app_begin ] --START--
INFO: Run Behavior\ReadHtmlCacheBehavior [ RunTime:0.001000s ]
INFO: [ app_begin ] --END-- [ RunTime:0.001000s ]
ERR: 非法操作:index.js.map

[ 2017-03-14T22:17:29+08:00 ] 127.0.0.1 /index.php/Mobile/Index/index.html
INFO: [ app_init ] --START--
INFO: Run Behavior\BuildLiteBehavior [ RunTime:0.000000s ]
INFO: [ app_init ] --END-- [ RunTime:0.000000s ]
INFO: [ app_begin ] --START--
INFO: Run Behavior\ReadHtmlCacheBehavior [ RunTime:0.006001s ]
INFO: [ app_begin ] --END-- [ RunTime:0.006001s ]
SQL: SHOW COLUMNS FROM `oj_job` [ RunTime:0.0310s ]
SQL: SELECT COUNT(*) AS tp_count FROM `oj_job` WHERE `state` = 1 LIMIT 1   [ RunTime:0.0300s ]
SQL: SELECT `jid`,`company_id`,`salary_high`,`salary_low`,`name`,`create_time` FROM `oj_job` WHERE `state` = 1 ORDER BY is_top LIMIT 0,10   [ RunTime:0.0520s ]
SQL: SHOW COLUMNS FROM `oj_company` [ RunTime:0.0310s ]
SQL: SELECT `name` FROM `oj_company` WHERE `id` = 1 LIMIT 1   [ RunTime:0.0300s ]
SQL: SELECT `name` FROM `oj_company` WHERE `id` = 318 LIMIT 1   [ RunTime:0.0360s ]
SQL: SELECT `name` FROM `oj_company` WHERE `id` = 10 LIMIT 1   [ RunTime:0.0300s ]
SQL: SELECT `name` FROM `oj_company` WHERE `id` = 9 LIMIT 1   [ RunTime:0.0340s ]
SQL: SELECT `name` FROM `oj_company` WHERE `id` = 15 LIMIT 1   [ RunTime:0.0390s ]
SQL: SELECT `name` FROM `oj_company` WHERE `id` = 7 LIMIT 1   [ RunTime:0.0290s ]
SQL: SELECT `name` FROM `oj_company` WHERE `id` = 21 LIMIT 1   [ RunTime:0.0300s ]
SQL: SELECT `name` FROM `oj_company` WHERE `id` = 22 LIMIT 1   [ RunTime:0.0290s ]
SQL: SELECT `name` FROM `oj_company` WHERE `id` = 2 LIMIT 1   [ RunTime:0.0290s ]
SQL: SELECT `name` FROM `oj_company` WHERE `id` = 1 LIMIT 1   [ RunTime:0.0620s ]
INFO: [ view_parse ] --START--
INFO: [ template_filter ] --START--
INFO: Run Behavior\ContentReplaceBehavior [ RunTime:0.000000s ]
INFO: [ template_filter ] --END-- [ RunTime:0.001000s ]
NOTIC: [8] Undefined index: user D:\TortoiseSVNspace\onejobtest\Application\Runtime\Cache\Mobile\59803a09875c7569286531ef77035039.php 第 133 行.
NOTIC: [8] Undefined index: company D:\TortoiseSVNspace\onejobtest\Application\Runtime\Cache\Mobile\59803a09875c7569286531ef77035039.php 第 134 行.
INFO: Run Behavior\ParseTemplateBehavior [ RunTime:0.013001s ]
INFO: [ view_parse ] --END-- [ RunTime:0.013001s ]
INFO: [ view_filter ] --START--
INFO: Run Behavior\WriteHtmlCacheBehavior [ RunTime:0.001000s ]
INFO: [ view_filter ] --END-- [ RunTime:0.001000s ]
INFO: [ app_end ] --START--
INFO: Run Behavior\ShowPageTraceBehavior [ RunTime:0.000000s ]
INFO: [ app_end ] --END-- [ RunTime:0.002000s ]
NOTIC: [2] ini_set(): A session is active. You cannot change the session module's ini settings at this time D:\TortoiseSVNspace\onejobtest\index.php 第 25 行.

[ 2017-03-14T22:17:29+08:00 ] 127.0.0.1 /index.php/Mobile/Index/index.js.map
INFO: [ app_init ] --START--
INFO: Run Behavior\BuildLiteBehavior [ RunTime:0.000000s ]
INFO: [ app_init ] --END-- [ RunTime:0.000000s ]
INFO: [ app_begin ] --START--
INFO: Run Behavior\ReadHtmlCacheBehavior [ RunTime:0.000000s ]
INFO: [ app_begin ] --END-- [ RunTime:0.000000s ]
ERR: 非法操作:index.js.map

