[ 2017-03-12T11:09:54+08:00 ] 127.0.0.1 /index.php/Mobile/Index/index.html
INFO: [ app_init ] --START--
INFO: Run Behavior\BuildLiteBehavior [ RunTime:0.000000s ]
INFO: [ app_init ] --END-- [ RunTime:0.000000s ]
INFO: [ app_begin ] --START--
INFO: Run Behavior\ReadHtmlCacheBehavior [ RunTime:0.001001s ]
INFO: [ app_begin ] --END-- [ RunTime:0.001001s ]
SQL: SHOW COLUMNS FROM `oj_job` [ RunTime:0.0290s ]
SQL: SELECT COUNT(*) AS tp_count FROM `oj_job` WHERE `state` = 1 LIMIT 1   [ RunTime:0.0280s ]
SQL: SELECT `jid`,`company_id`,`salary_high`,`salary_low`,`name`,`create_time` FROM `oj_job` WHERE `state` = 1 ORDER BY is_top LIMIT 0,10   [ RunTime:0.0290s ]
SQL: SHOW COLUMNS FROM `oj_company` [ RunTime:0.0300s ]
SQL: SELECT `name` FROM `oj_company` WHERE `id` = 1 LIMIT 1   [ RunTime:0.0280s ]
SQL: SELECT `name` FROM `oj_company` WHERE `id` = 318 LIMIT 1   [ RunTime:0.0280s ]
SQL: SELECT `name` FROM `oj_company` WHERE `id` = 10 LIMIT 1   [ RunTime:0.0280s ]
SQL: SELECT `name` FROM `oj_company` WHERE `id` = 9 LIMIT 1   [ RunTime:0.0280s ]
SQL: SELECT `name` FROM `oj_company` WHERE `id` = 15 LIMIT 1   [ RunTime:0.0280s ]
SQL: SELECT `name` FROM `oj_company` WHERE `id` = 7 LIMIT 1   [ RunTime:0.0280s ]
SQL: SELECT `name` FROM `oj_company` WHERE `id` = 21 LIMIT 1   [ RunTime:0.0280s ]
SQL: SELECT `name` FROM `oj_company` WHERE `id` = 22 LIMIT 1   [ RunTime:0.0300s ]
SQL: SELECT `name` FROM `oj_company` WHERE `id` = 2 LIMIT 1   [ RunTime:0.0280s ]
SQL: SELECT `name` FROM `oj_company` WHERE `id` = 1 LIMIT 1   [ RunTime:0.0280s ]
INFO: [ view_parse ] --START--
INFO: [ template_filter ] --START--
INFO: Run Behavior\ContentReplaceBehavior [ RunTime:0.000000s ]
INFO: [ template_filter ] --END-- [ RunTime:0.000000s ]
NOTIC: [8] Undefined index: user D:\TortoiseSVNspace\onejobtest\Application\Runtime\Cache\Mobile\59803a09875c7569286531ef77035039.php 第 133 行.
NOTIC: [8] Undefined index: company D:\TortoiseSVNspace\onejobtest\Application\Runtime\Cache\Mobile\59803a09875c7569286531ef77035039.php 第 134 行.
INFO: Run Behavior\ParseTemplateBehavior [ RunTime:0.067003s ]
INFO: [ view_parse ] --END-- [ RunTime:0.068003s ]
INFO: [ view_filter ] --START--
INFO: Run Behavior\WriteHtmlCacheBehavior [ RunTime:0.000000s ]
INFO: [ view_filter ] --END-- [ RunTime:0.000000s ]
INFO: [ app_end ] --START--
INFO: Run Behavior\ShowPageTraceBehavior [ RunTime:0.003000s ]
INFO: [ app_end ] --END-- [ RunTime:0.003000s ]
NOTIC: [2] ini_set(): A session is active. You cannot change the session module's ini settings at this time D:\TortoiseSVNspace\onejobtest\index.php 第 25 行.

[ 2017-03-12T11:28:30+08:00 ] 127.0.0.1 /index.php/Mobile/Index/index.html
INFO: [ app_init ] --START--
INFO: Run Behavior\BuildLiteBehavior [ RunTime:0.000000s ]
INFO: [ app_init ] --END-- [ RunTime:0.000000s ]
INFO: [ app_begin ] --START--
INFO: Run Behavior\ReadHtmlCacheBehavior [ RunTime:0.000000s ]
INFO: [ app_begin ] --END-- [ RunTime:0.001000s ]
SQL: SHOW COLUMNS FROM `oj_job` [ RunTime:0.0310s ]
SQL: SELECT COUNT(*) AS tp_count FROM `oj_job` WHERE `state` = 1 LIMIT 1   [ RunTime:0.0370s ]
SQL: SELECT `jid`,`company_id`,`salary_high`,`salary_low`,`name`,`create_time` FROM `oj_job` WHERE `state` = 1 ORDER BY is_top LIMIT 0,10   [ RunTime:0.0320s ]
SQL: SHOW COLUMNS FROM `oj_company` [ RunTime:0.0310s ]
SQL: SELECT `name` FROM `oj_company` WHERE `id` = 1 LIMIT 1   [ RunTime:0.0300s ]
SQL: SELECT `name` FROM `oj_company` WHERE `id` = 318 LIMIT 1   [ RunTime:0.0290s ]
SQL: SELECT `name` FROM `oj_company` WHERE `id` = 10 LIMIT 1   [ RunTime:0.0290s ]
SQL: SELECT `name` FROM `oj_company` WHERE `id` = 9 LIMIT 1   [ RunTime:0.0290s ]
SQL: SELECT `name` FROM `oj_company` WHERE `id` = 15 LIMIT 1   [ RunTime:0.0300s ]
SQL: SELECT `name` FROM `oj_company` WHERE `id` = 7 LIMIT 1   [ RunTime:0.0340s ]
SQL: SELECT `name` FROM `oj_company` WHERE `id` = 21 LIMIT 1   [ RunTime:0.0300s ]
SQL: SELECT `name` FROM `oj_company` WHERE `id` = 22 LIMIT 1   [ RunTime:0.0300s ]
SQL: SELECT `name` FROM `oj_company` WHERE `id` = 2 LIMIT 1   [ RunTime:0.0290s ]
SQL: SELECT `name` FROM `oj_company` WHERE `id` = 1 LIMIT 1   [ RunTime:0.0310s ]
INFO: [ view_parse ] --START--
INFO: [ template_filter ] --START--
INFO: Run Behavior\ContentReplaceBehavior [ RunTime:0.000000s ]
INFO: [ template_filter ] --END-- [ RunTime:0.000000s ]
NOTIC: [8] Undefined index: user D:\TortoiseSVNspace\onejobtest\Application\Runtime\Cache\Mobile\59803a09875c7569286531ef77035039.php 第 133 行.
NOTIC: [8] Undefined index: company D:\TortoiseSVNspace\onejobtest\Application\Runtime\Cache\Mobile\59803a09875c7569286531ef77035039.php 第 134 行.
INFO: Run Behavior\ParseTemplateBehavior [ RunTime:0.021001s ]
INFO: [ view_parse ] --END-- [ RunTime:0.021001s ]
INFO: [ view_filter ] --START--
INFO: Run Behavior\WriteHtmlCacheBehavior [ RunTime:0.000000s ]
INFO: [ view_filter ] --END-- [ RunTime:0.000000s ]
INFO: [ app_end ] --START--
INFO: Run Behavior\ShowPageTraceBehavior [ RunTime:0.001000s ]
INFO: [ app_end ] --END-- [ RunTime:0.001000s ]
NOTIC: [2] ini_set(): A session is active. You cannot change the session module's ini settings at this time D:\TortoiseSVNspace\onejobtest\index.php 第 25 行.

[ 2017-03-12T16:23:52+08:00 ] 127.0.0.1 /index.php/Mobile/Index/index.html
INFO: [ app_init ] --START--
INFO: Run Behavior\BuildLiteBehavior [ RunTime:0.000000s ]
INFO: [ app_init ] --END-- [ RunTime:0.000000s ]
INFO: [ app_begin ] --START--
INFO: Run Behavior\ReadHtmlCacheBehavior [ RunTime:0.000000s ]
INFO: [ app_begin ] --END-- [ RunTime:0.000000s ]
SQL: SHOW COLUMNS FROM `oj_job` [ RunTime:0.0360s ]
SQL: SELECT COUNT(*) AS tp_count FROM `oj_job` WHERE `state` = 1 LIMIT 1   [ RunTime:0.0320s ]
SQL: SELECT `jid`,`company_id`,`salary_high`,`salary_low`,`name`,`create_time` FROM `oj_job` WHERE `state` = 1 ORDER BY is_top LIMIT 0,10   [ RunTime:0.0380s ]
SQL: SHOW COLUMNS FROM `oj_company` [ RunTime:0.0650s ]
SQL: SELECT `name` FROM `oj_company` WHERE `id` = 1 LIMIT 1   [ RunTime:0.0310s ]
SQL: SELECT `name` FROM `oj_company` WHERE `id` = 318 LIMIT 1   [ RunTime:0.0300s ]
SQL: SELECT `name` FROM `oj_company` WHERE `id` = 10 LIMIT 1   [ RunTime:0.0300s ]
SQL: SELECT `name` FROM `oj_company` WHERE `id` = 9 LIMIT 1   [ RunTime:0.0290s ]
SQL: SELECT `name` FROM `oj_company` WHERE `id` = 15 LIMIT 1   [ RunTime:0.0290s ]
SQL: SELECT `name` FROM `oj_company` WHERE `id` = 7 LIMIT 1   [ RunTime:0.0300s ]
SQL: SELECT `name` FROM `oj_company` WHERE `id` = 21 LIMIT 1   [ RunTime:0.0330s ]
SQL: SELECT `name` FROM `oj_company` WHERE `id` = 22 LIMIT 1   [ RunTime:0.0300s ]
SQL: SELECT `name` FROM `oj_company` WHERE `id` = 2 LIMIT 1   [ RunTime:0.0290s ]
SQL: SELECT `name` FROM `oj_company` WHERE `id` = 1 LIMIT 1   [ RunTime:0.0290s ]
INFO: [ view_parse ] --START--
INFO: [ template_filter ] --START--
INFO: Run Behavior\ContentReplaceBehavior [ RunTime:0.000000s ]
INFO: [ template_filter ] --END-- [ RunTime:0.000000s ]
NOTIC: [8] Undefined index: user D:\TortoiseSVNspace\onejobtest\Application\Runtime\Cache\Mobile\59803a09875c7569286531ef77035039.php 第 133 行.
NOTIC: [8] Undefined index: company D:\TortoiseSVNspace\onejobtest\Application\Runtime\Cache\Mobile\59803a09875c7569286531ef77035039.php 第 134 行.
INFO: Run Behavior\ParseTemplateBehavior [ RunTime:0.110006s ]
INFO: [ view_parse ] --END-- [ RunTime:0.110006s ]
INFO: [ view_filter ] --START--
INFO: Run Behavior\WriteHtmlCacheBehavior [ RunTime:0.002000s ]
INFO: [ view_filter ] --END-- [ RunTime:0.002000s ]
INFO: [ app_end ] --START--
INFO: Run Behavior\ShowPageTraceBehavior [ RunTime:0.005001s ]
INFO: [ app_end ] --END-- [ RunTime:0.005001s ]
NOTIC: [2] ini_set(): A session is active. You cannot change the session module's ini settings at this time D:\TortoiseSVNspace\onejobtest\index.php 第 25 行.

[ 2017-03-12T16:24:38+08:00 ] 127.0.0.1 /index.php/Mobile/Index/index.html
INFO: [ app_init ] --START--
INFO: Run Behavior\BuildLiteBehavior [ RunTime:0.000000s ]
INFO: [ app_init ] --END-- [ RunTime:0.000000s ]
INFO: [ app_begin ] --START--
INFO: Run Behavior\ReadHtmlCacheBehavior [ RunTime:0.001000s ]
INFO: [ app_begin ] --END-- [ RunTime:0.001000s ]
SQL: SHOW COLUMNS FROM `oj_job` [ RunTime:0.0290s ]
SQL: SELECT COUNT(*) AS tp_count FROM `oj_job` WHERE `state` = 1 LIMIT 1   [ RunTime:0.0310s ]
SQL: SELECT `jid`,`company_id`,`salary_high`,`salary_low`,`name`,`create_time` FROM `oj_job` WHERE `state` = 1 ORDER BY is_top LIMIT 0,10   [ RunTime:0.0310s ]
SQL: SHOW COLUMNS FROM `oj_company` [ RunTime:0.0300s ]
SQL: SELECT `name` FROM `oj_company` WHERE `id` = 1 LIMIT 1   [ RunTime:0.0270s ]
SQL: SELECT `name` FROM `oj_company` WHERE `id` = 318 LIMIT 1   [ RunTime:0.0300s ]
SQL: SELECT `name` FROM `oj_company` WHERE `id` = 10 LIMIT 1   [ RunTime:0.0300s ]
SQL: SELECT `name` FROM `oj_company` WHERE `id` = 9 LIMIT 1   [ RunTime:0.0280s ]
SQL: SELECT `name` FROM `oj_company` WHERE `id` = 15 LIMIT 1   [ RunTime:0.0280s ]
SQL: SELECT `name` FROM `oj_company` WHERE `id` = 7 LIMIT 1   [ RunTime:0.0290s ]
SQL: SELECT `name` FROM `oj_company` WHERE `id` = 21 LIMIT 1   [ RunTime:0.0290s ]
SQL: SELECT `name` FROM `oj_company` WHERE `id` = 22 LIMIT 1   [ RunTime:0.0280s ]
SQL: SELECT `name` FROM `oj_company` WHERE `id` = 2 LIMIT 1   [ RunTime:0.0280s ]
SQL: SELECT `name` FROM `oj_company` WHERE `id` = 1 LIMIT 1   [ RunTime:0.0280s ]
INFO: [ view_parse ] --START--
INFO: [ template_filter ] --START--
INFO: Run Behavior\ContentReplaceBehavior [ RunTime:0.001000s ]
INFO: [ template_filter ] --END-- [ RunTime:0.001000s ]
NOTIC: [8] Undefined index: user D:\TortoiseSVNspace\onejobtest\Application\Runtime\Cache\Mobile\59803a09875c7569286531ef77035039.php 第 133 行.
NOTIC: [8] Undefined index: company D:\TortoiseSVNspace\onejobtest\Application\Runtime\Cache\Mobile\59803a09875c7569286531ef77035039.php 第 134 行.
INFO: Run Behavior\ParseTemplateBehavior [ RunTime:0.027001s ]
INFO: [ view_parse ] --END-- [ RunTime:0.027001s ]
INFO: [ view_filter ] --START--
INFO: Run Behavior\WriteHtmlCacheBehavior [ RunTime:0.001000s ]
INFO: [ view_filter ] --END-- [ RunTime:0.001000s ]
INFO: [ app_end ] --START--
INFO: Run Behavior\ShowPageTraceBehavior [ RunTime:0.001000s ]
INFO: [ app_end ] --END-- [ RunTime:0.001000s ]
NOTIC: [2] ini_set(): A session is active. You cannot change the session module's ini settings at this time D:\TortoiseSVNspace\onejobtest\index.php 第 25 行.

[ 2017-03-12T16:29:48+08:00 ] 127.0.0.1 /index.php/Mobile/Index/index.html
INFO: [ app_init ] --START--
INFO: Run Behavior\BuildLiteBehavior [ RunTime:0.000000s ]
INFO: [ app_init ] --END-- [ RunTime:0.000000s ]
INFO: [ app_begin ] --START--
INFO: Run Behavior\ReadHtmlCacheBehavior [ RunTime:0.001000s ]
INFO: [ app_begin ] --END-- [ RunTime:0.001000s ]
SQL: SHOW COLUMNS FROM `oj_job` [ RunTime:0.0310s ]
SQL: SELECT COUNT(*) AS tp_count FROM `oj_job` WHERE `state` = 1 LIMIT 1   [ RunTime:0.0300s ]
SQL: SELECT `jid`,`company_id`,`salary_high`,`salary_low`,`name`,`create_time` FROM `oj_job` WHERE `state` = 1 ORDER BY is_top LIMIT 0,10   [ RunTime:0.0320s ]
SQL: SHOW COLUMNS FROM `oj_company` [ RunTime:0.0330s ]
SQL: SELECT `name` FROM `oj_company` WHERE `id` = 1 LIMIT 1   [ RunTime:0.0300s ]
SQL: SELECT `name` FROM `oj_company` WHERE `id` = 318 LIMIT 1   [ RunTime:0.0290s ]
SQL: SELECT `name` FROM `oj_company` WHERE `id` = 10 LIMIT 1   [ RunTime:0.0300s ]
SQL: SELECT `name` FROM `oj_company` WHERE `id` = 9 LIMIT 1   [ RunTime:0.0300s ]
SQL: SELECT `name` FROM `oj_company` WHERE `id` = 15 LIMIT 1   [ RunTime:0.0330s ]
SQL: SELECT `name` FROM `oj_company` WHERE `id` = 7 LIMIT 1   [ RunTime:0.0340s ]
SQL: SELECT `name` FROM `oj_company` WHERE `id` = 21 LIMIT 1   [ RunTime:0.0310s ]
SQL: SELECT `name` FROM `oj_company` WHERE `id` = 22 LIMIT 1   [ RunTime:0.0300s ]
SQL: SELECT `name` FROM `oj_company` WHERE `id` = 2 LIMIT 1   [ RunTime:0.0300s ]
SQL: SELECT `name` FROM `oj_company` WHERE `id` = 1 LIMIT 1   [ RunTime:0.0320s ]
INFO: [ view_parse ] --START--
INFO: [ template_filter ] --START--
INFO: Run Behavior\ContentReplaceBehavior [ RunTime:0.000000s ]
INFO: [ template_filter ] --END-- [ RunTime:0.000000s ]
NOTIC: [8] Undefined index: user D:\TortoiseSVNspace\onejobtest\Application\Runtime\Cache\Mobile\59803a09875c7569286531ef77035039.php 第 133 行.
NOTIC: [8] Undefined index: company D:\TortoiseSVNspace\onejobtest\Application\Runtime\Cache\Mobile\59803a09875c7569286531ef77035039.php 第 134 行.
INFO: Run Behavior\ParseTemplateBehavior [ RunTime:0.012001s ]
INFO: [ view_parse ] --END-- [ RunTime:0.012001s ]
INFO: [ view_filter ] --START--
INFO: Run Behavior\WriteHtmlCacheBehavior [ RunTime:0.001000s ]
INFO: [ view_filter ] --END-- [ RunTime:0.001000s ]
INFO: [ app_end ] --START--
INFO: Run Behavior\ShowPageTraceBehavior [ RunTime:0.000000s ]
INFO: [ app_end ] --END-- [ RunTime:0.001000s ]
NOTIC: [2] ini_set(): A session is active. You cannot change the session module's ini settings at this time D:\TortoiseSVNspace\onejobtest\index.php 第 25 行.

[ 2017-03-12T16:31:14+08:00 ] 127.0.0.1 /index.php/Mobile/Index/index.html
INFO: [ app_init ] --START--
INFO: Run Behavior\BuildLiteBehavior [ RunTime:0.000000s ]
INFO: [ app_init ] --END-- [ RunTime:0.000000s ]
INFO: [ app_begin ] --START--
INFO: Run Behavior\ReadHtmlCacheBehavior [ RunTime:0.000000s ]
INFO: [ app_begin ] --END-- [ RunTime:0.000000s ]
SQL: SHOW COLUMNS FROM `oj_job` [ RunTime:0.0310s ]
SQL: SELECT COUNT(*) AS tp_count FROM `oj_job` WHERE `state` = 1 LIMIT 1   [ RunTime:0.0310s ]
SQL: SELECT `jid`,`company_id`,`salary_high`,`salary_low`,`name`,`create_time` FROM `oj_job` WHERE `state` = 1 ORDER BY is_top LIMIT 0,10   [ RunTime:0.0360s ]
SQL: SHOW COLUMNS FROM `oj_company` [ RunTime:0.0310s ]
SQL: SELECT `name` FROM `oj_company` WHERE `id` = 1 LIMIT 1   [ RunTime:0.0290s ]
SQL: SELECT `name` FROM `oj_company` WHERE `id` = 318 LIMIT 1   [ RunTime:0.0290s ]
SQL: SELECT `name` FROM `oj_company` WHERE `id` = 10 LIMIT 1   [ RunTime:0.0300s ]
SQL: SELECT `name` FROM `oj_company` WHERE `id` = 9 LIMIT 1   [ RunTime:0.0290s ]
SQL: SELECT `name` FROM `oj_company` WHERE `id` = 15 LIMIT 1   [ RunTime:0.0310s ]
SQL: SELECT `name` FROM `oj_company` WHERE `id` = 7 LIMIT 1   [ RunTime:0.0300s ]
SQL: SELECT `name` FROM `oj_company` WHERE `id` = 21 LIMIT 1   [ RunTime:0.0290s ]
SQL: SELECT `name` FROM `oj_company` WHERE `id` = 22 LIMIT 1   [ RunTime:0.0300s ]
SQL: SELECT `name` FROM `oj_company` WHERE `id` = 2 LIMIT 1   [ RunTime:0.0310s ]
SQL: SELECT `name` FROM `oj_company` WHERE `id` = 1 LIMIT 1   [ RunTime:0.0350s ]
INFO: [ view_parse ] --START--
INFO: [ template_filter ] --START--
INFO: Run Behavior\ContentReplaceBehavior [ RunTime:0.000000s ]
INFO: [ template_filter ] --END-- [ RunTime:0.000000s ]
NOTIC: [8] Undefined index: user D:\TortoiseSVNspace\onejobtest\Application\Runtime\Cache\Mobile\59803a09875c7569286531ef77035039.php 第 133 行.
NOTIC: [8] Undefined index: company D:\TortoiseSVNspace\onejobtest\Application\Runtime\Cache\Mobile\59803a09875c7569286531ef77035039.php 第 134 行.
INFO: Run Behavior\ParseTemplateBehavior [ RunTime:0.029002s ]
INFO: [ view_parse ] --END-- [ RunTime:0.029002s ]
INFO: [ view_filter ] --START--
INFO: Run Behavior\WriteHtmlCacheBehavior [ RunTime:0.001000s ]
INFO: [ view_filter ] --END-- [ RunTime:0.001000s ]
INFO: [ app_end ] --START--
INFO: Run Behavior\ShowPageTraceBehavior [ RunTime:0.001000s ]
INFO: [ app_end ] --END-- [ RunTime:0.001000s ]
NOTIC: [2] ini_set(): A session is active. You cannot change the session module's ini settings at this time D:\TortoiseSVNspace\onejobtest\index.php 第 25 行.

[ 2017-03-12T16:35:08+08:00 ] 127.0.0.1 /index.php/Mobile/Index/index.html
INFO: [ app_init ] --START--
INFO: Run Behavior\BuildLiteBehavior [ RunTime:0.000000s ]
INFO: [ app_init ] --END-- [ RunTime:0.000000s ]
INFO: [ app_begin ] --START--
INFO: Run Behavior\ReadHtmlCacheBehavior [ RunTime:0.001000s ]
INFO: [ app_begin ] --END-- [ RunTime:0.001000s ]
SQL: SHOW COLUMNS FROM `oj_job` [ RunTime:0.0300s ]
SQL: SELECT COUNT(*) AS tp_count FROM `oj_job` WHERE `state` = 1 LIMIT 1   [ RunTime:0.0300s ]
SQL: SELECT `jid`,`company_id`,`salary_high`,`salary_low`,`name`,`create_time` FROM `oj_job` WHERE `state` = 1 ORDER BY is_top LIMIT 0,10   [ RunTime:0.0300s ]
SQL: SHOW COLUMNS FROM `oj_company` [ RunTime:0.0300s ]
SQL: SELECT `name` FROM `oj_company` WHERE `id` = 1 LIMIT 1   [ RunTime:0.0340s ]
SQL: SELECT `name` FROM `oj_company` WHERE `id` = 318 LIMIT 1   [ RunTime:0.0290s ]
SQL: SELECT `name` FROM `oj_company` WHERE `id` = 10 LIMIT 1   [ RunTime:0.0290s ]
SQL: SELECT `name` FROM `oj_company` WHERE `id` = 9 LIMIT 1   [ RunTime:0.0330s ]
SQL: SELECT `name` FROM `oj_company` WHERE `id` = 15 LIMIT 1   [ RunTime:0.0280s ]
SQL: SELECT `name` FROM `oj_company` WHERE `id` = 7 LIMIT 1   [ RunTime:0.0340s ]
SQL: SELECT `name` FROM `oj_company` WHERE `id` = 21 LIMIT 1   [ RunTime:0.0400s ]
SQL: SELECT `name` FROM `oj_company` WHERE `id` = 22 LIMIT 1   [ RunTime:0.0300s ]
SQL: SELECT `name` FROM `oj_company` WHERE `id` = 2 LIMIT 1   [ RunTime:0.0350s ]
SQL: SELECT `name` FROM `oj_company` WHERE `id` = 1 LIMIT 1   [ RunTime:0.0290s ]
INFO: [ view_parse ] --START--
INFO: [ template_filter ] --START--
INFO: Run Behavior\ContentReplaceBehavior [ RunTime:0.000000s ]
INFO: [ template_filter ] --END-- [ RunTime:0.000000s ]
NOTIC: [8] Undefined index: user D:\TortoiseSVNspace\onejobtest\Application\Runtime\Cache\Mobile\59803a09875c7569286531ef77035039.php 第 133 行.
NOTIC: [8] Undefined index: company D:\TortoiseSVNspace\onejobtest\Application\Runtime\Cache\Mobile\59803a09875c7569286531ef77035039.php 第 134 行.
INFO: Run Behavior\ParseTemplateBehavior [ RunTime:0.017001s ]
INFO: [ view_parse ] --END-- [ RunTime:0.017001s ]
INFO: [ view_filter ] --START--
INFO: Run Behavior\WriteHtmlCacheBehavior [ RunTime:0.001000s ]
INFO: [ view_filter ] --END-- [ RunTime:0.001000s ]
INFO: [ app_end ] --START--
INFO: Run Behavior\ShowPageTraceBehavior [ RunTime:0.002000s ]
INFO: [ app_end ] --END-- [ RunTime:0.002000s ]
NOTIC: [2] ini_set(): A session is active. You cannot change the session module's ini settings at this time D:\TortoiseSVNspace\onejobtest\index.php 第 25 行.

[ 2017-03-12T20:28:07+08:00 ] 127.0.0.1 /index.php/Mobile/Index/index.html
INFO: [ app_init ] --START--
INFO: Run Behavior\BuildLiteBehavior [ RunTime:0.000000s ]
INFO: [ app_init ] --END-- [ RunTime:0.000000s ]
INFO: [ app_begin ] --START--
INFO: Run Behavior\ReadHtmlCacheBehavior [ RunTime:0.001000s ]
INFO: [ app_begin ] --END-- [ RunTime:0.001000s ]
SQL: SHOW COLUMNS FROM `oj_job` [ RunTime:0.0310s ]
SQL: SELECT COUNT(*) AS tp_count FROM `oj_job` WHERE `state` = 1 LIMIT 1   [ RunTime:0.0310s ]
SQL: SELECT `jid`,`company_id`,`salary_high`,`salary_low`,`name`,`create_time` FROM `oj_job` WHERE `state` = 1 ORDER BY is_top LIMIT 0,10   [ RunTime:0.0330s ]
SQL: SHOW COLUMNS FROM `oj_company` [ RunTime:0.0310s ]
SQL: SELECT `name` FROM `oj_company` WHERE `id` = 1 LIMIT 1   [ RunTime:0.0290s ]
SQL: SELECT `name` FROM `oj_company` WHERE `id` = 318 LIMIT 1   [ RunTime:0.0300s ]
SQL: SELECT `name` FROM `oj_company` WHERE `id` = 10 LIMIT 1   [ RunTime:0.0340s ]
SQL: SELECT `name` FROM `oj_company` WHERE `id` = 9 LIMIT 1   [ RunTime:0.0300s ]
SQL: SELECT `name` FROM `oj_company` WHERE `id` = 15 LIMIT 1   [ RunTime:0.0320s ]
SQL: SELECT `name` FROM `oj_company` WHERE `id` = 7 LIMIT 1   [ RunTime:0.0300s ]
SQL: SELECT `name` FROM `oj_company` WHERE `id` = 21 LIMIT 1   [ RunTime:0.0300s ]
SQL: SELECT `name` FROM `oj_company` WHERE `id` = 22 LIMIT 1   [ RunTime:0.0300s ]
SQL: SELECT `name` FROM `oj_company` WHERE `id` = 2 LIMIT 1   [ RunTime:0.0300s ]
SQL: SELECT `name` FROM `oj_company` WHERE `id` = 1 LIMIT 1   [ RunTime:0.0300s ]
INFO: [ view_parse ] --START--
INFO: [ template_filter ] --START--
INFO: Run Behavior\ContentReplaceBehavior [ RunTime:0.000000s ]
INFO: [ template_filter ] --END-- [ RunTime:0.000000s ]
NOTIC: [8] Undefined index: user D:\TortoiseSVNspace\onejobtest\Application\Runtime\Cache\Mobile\59803a09875c7569286531ef77035039.php 第 133 行.
NOTIC: [8] Undefined index: company D:\TortoiseSVNspace\onejobtest\Application\Runtime\Cache\Mobile\59803a09875c7569286531ef77035039.php 第 134 行.
INFO: Run Behavior\ParseTemplateBehavior [ RunTime:0.014001s ]
INFO: [ view_parse ] --END-- [ RunTime:0.014001s ]
INFO: [ view_filter ] --START--
INFO: Run Behavior\WriteHtmlCacheBehavior [ RunTime:0.001000s ]
INFO: [ view_filter ] --END-- [ RunTime:0.001000s ]
INFO: [ app_end ] --START--
INFO: Run Behavior\ShowPageTraceBehavior [ RunTime:0.001000s ]
INFO: [ app_end ] --END-- [ RunTime:0.001000s ]
NOTIC: [2] ini_set(): A session is active. You cannot change the session module's ini settings at this time D:\TortoiseSVNspace\onejobtest\index.php 第 25 行.

[ 2017-03-12T20:30:13+08:00 ] 127.0.0.1 /index.php/Mobile/Index/index.html
INFO: [ app_init ] --START--
INFO: Run Behavior\BuildLiteBehavior [ RunTime:0.000000s ]
INFO: [ app_init ] --END-- [ RunTime:0.000000s ]
INFO: [ app_begin ] --START--
INFO: Run Behavior\ReadHtmlCacheBehavior [ RunTime:0.001000s ]
INFO: [ app_begin ] --END-- [ RunTime:0.001000s ]
SQL: SHOW COLUMNS FROM `oj_job` [ RunTime:0.0300s ]
SQL: SELECT COUNT(*) AS tp_count FROM `oj_job` WHERE `state` = 1 LIMIT 1   [ RunTime:0.0300s ]
SQL: SELECT `jid`,`company_id`,`salary_high`,`salary_low`,`name`,`create_time` FROM `oj_job` WHERE `state` = 1 ORDER BY is_top LIMIT 0,10   [ RunTime:0.0310s ]
SQL: SHOW COLUMNS FROM `oj_company` [ RunTime:0.0300s ]
SQL: SELECT `name` FROM `oj_company` WHERE `id` = 1 LIMIT 1   [ RunTime:0.0290s ]
SQL: SELECT `name` FROM `oj_company` WHERE `id` = 318 LIMIT 1   [ RunTime:0.0290s ]
SQL: SELECT `name` FROM `oj_company` WHERE `id` = 10 LIMIT 1   [ RunTime:0.0290s ]
SQL: SELECT `name` FROM `oj_company` WHERE `id` = 9 LIMIT 1   [ RunTime:0.0290s ]
SQL: SELECT `name` FROM `oj_company` WHERE `id` = 15 LIMIT 1   [ RunTime:0.0290s ]
SQL: SELECT `name` FROM `oj_company` WHERE `id` = 7 LIMIT 1   [ RunTime:0.0290s ]
SQL: SELECT `name` FROM `oj_company` WHERE `id` = 21 LIMIT 1   [ RunTime:0.0290s ]
SQL: SELECT `name` FROM `oj_company` WHERE `id` = 22 LIMIT 1   [ RunTime:0.0290s ]
SQL: SELECT `name` FROM `oj_company` WHERE `id` = 2 LIMIT 1   [ RunTime:0.0290s ]
SQL: SELECT `name` FROM `oj_company` WHERE `id` = 1 LIMIT 1   [ RunTime:0.0290s ]
INFO: [ view_parse ] --START--
INFO: [ template_filter ] --START--
INFO: Run Behavior\ContentReplaceBehavior [ RunTime:0.000000s ]
INFO: [ template_filter ] --END-- [ RunTime:0.000000s ]
NOTIC: [8] Undefined index: user D:\TortoiseSVNspace\onejobtest\Application\Runtime\Cache\Mobile\59803a09875c7569286531ef77035039.php 第 133 行.
NOTIC: [8] Undefined index: company D:\TortoiseSVNspace\onejobtest\Application\Runtime\Cache\Mobile\59803a09875c7569286531ef77035039.php 第 134 行.
INFO: Run Behavior\ParseTemplateBehavior [ RunTime:0.010000s ]
INFO: [ view_parse ] --END-- [ RunTime:0.010000s ]
INFO: [ view_filter ] --START--
INFO: Run Behavior\WriteHtmlCacheBehavior [ RunTime:0.000000s ]
INFO: [ view_filter ] --END-- [ RunTime:0.000000s ]
INFO: [ app_end ] --START--
INFO: Run Behavior\ShowPageTraceBehavior [ RunTime:0.001001s ]
INFO: [ app_end ] --END-- [ RunTime:0.001001s ]
NOTIC: [2] ini_set(): A session is active. You cannot change the session module's ini settings at this time D:\TortoiseSVNspace\onejobtest\index.php 第 25 行.

[ 2017-03-12T20:30:26+08:00 ] 127.0.0.1 /index.php/Mobile/Index/index.html
INFO: [ app_init ] --START--
INFO: Run Behavior\BuildLiteBehavior [ RunTime:0.000000s ]
INFO: [ app_init ] --END-- [ RunTime:0.000000s ]
INFO: [ app_begin ] --START--
INFO: Run Behavior\ReadHtmlCacheBehavior [ RunTime:0.001000s ]
INFO: [ app_begin ] --END-- [ RunTime:0.001000s ]
SQL: SHOW COLUMNS FROM `oj_job` [ RunTime:0.0300s ]
SQL: SELECT COUNT(*) AS tp_count FROM `oj_job` WHERE `state` = 1 LIMIT 1   [ RunTime:0.0380s ]
SQL: SELECT `jid`,`company_id`,`salary_high`,`salary_low`,`name`,`create_time` FROM `oj_job` WHERE `state` = 1 ORDER BY is_top LIMIT 0,10   [ RunTime:0.0350s ]
SQL: SHOW COLUMNS FROM `oj_company` [ RunTime:0.0430s ]
SQL: SELECT `name` FROM `oj_company` WHERE `id` = 1 LIMIT 1   [ RunTime:0.0290s ]
SQL: SELECT `name` FROM `oj_company` WHERE `id` = 318 LIMIT 1   [ RunTime:0.0290s ]
SQL: SELECT `name` FROM `oj_company` WHERE `id` = 10 LIMIT 1   [ RunTime:0.0290s ]
SQL: SELECT `name` FROM `oj_company` WHERE `id` = 9 LIMIT 1   [ RunTime:0.0290s ]
SQL: SELECT `name` FROM `oj_company` WHERE `id` = 15 LIMIT 1   [ RunTime:0.0290s ]
SQL: SELECT `name` FROM `oj_company` WHERE `id` = 7 LIMIT 1   [ RunTime:0.0290s ]
SQL: SELECT `name` FROM `oj_company` WHERE `id` = 21 LIMIT 1   [ RunTime:0.0290s ]
SQL: SELECT `name` FROM `oj_company` WHERE `id` = 22 LIMIT 1   [ RunTime:0.0290s ]
SQL: SELECT `name` FROM `oj_company` WHERE `id` = 2 LIMIT 1   [ RunTime:0.0290s ]
SQL: SELECT `name` FROM `oj_company` WHERE `id` = 1 LIMIT 1   [ RunTime:0.0290s ]
INFO: [ view_parse ] --START--
INFO: [ template_filter ] --START--
INFO: Run Behavior\ContentReplaceBehavior [ RunTime:0.000000s ]
INFO: [ template_filter ] --END-- [ RunTime:0.000000s ]
NOTIC: [8] Undefined index: user D:\TortoiseSVNspace\onejobtest\Application\Runtime\Cache\Mobile\59803a09875c7569286531ef77035039.php 第 133 行.
NOTIC: [8] Undefined index: company D:\TortoiseSVNspace\onejobtest\Application\Runtime\Cache\Mobile\59803a09875c7569286531ef77035039.php 第 134 行.
INFO: Run Behavior\ParseTemplateBehavior [ RunTime:0.018001s ]
INFO: [ view_parse ] --END-- [ RunTime:0.018001s ]
INFO: [ view_filter ] --START--
INFO: Run Behavior\WriteHtmlCacheBehavior [ RunTime:0.001000s ]
INFO: [ view_filter ] --END-- [ RunTime:0.001000s ]
INFO: [ app_end ] --START--
INFO: Run Behavior\ShowPageTraceBehavior [ RunTime:0.002000s ]
INFO: [ app_end ] --END-- [ RunTime:0.002000s ]
NOTIC: [2] ini_set(): A session is active. You cannot change the session module's ini settings at this time D:\TortoiseSVNspace\onejobtest\index.php 第 25 行.

[ 2017-03-12T20:30:51+08:00 ] 127.0.0.1 /index.php/Mobile/Index/index.html
INFO: [ app_init ] --START--
INFO: Run Behavior\BuildLiteBehavior [ RunTime:0.000000s ]
INFO: [ app_init ] --END-- [ RunTime:0.000000s ]
INFO: [ app_begin ] --START--
INFO: Run Behavior\ReadHtmlCacheBehavior [ RunTime:0.000000s ]
INFO: [ app_begin ] --END-- [ RunTime:0.001000s ]
SQL: SHOW COLUMNS FROM `oj_job` [ RunTime:0.0300s ]
SQL: SELECT COUNT(*) AS tp_count FROM `oj_job` WHERE `state` = 1 LIMIT 1   [ RunTime:0.0310s ]
SQL: SELECT `jid`,`company_id`,`salary_high`,`salary_low`,`name`,`create_time` FROM `oj_job` WHERE `state` = 1 ORDER BY is_top LIMIT 0,10   [ RunTime:0.0300s ]
SQL: SHOW COLUMNS FROM `oj_company` [ RunTime:0.0310s ]
SQL: SELECT `name` FROM `oj_company` WHERE `id` = 1 LIMIT 1   [ RunTime:0.0290s ]
SQL: SELECT `name` FROM `oj_company` WHERE `id` = 318 LIMIT 1   [ RunTime:0.0340s ]
SQL: SELECT `name` FROM `oj_company` WHERE `id` = 10 LIMIT 1   [ RunTime:0.0300s ]
SQL: SELECT `name` FROM `oj_company` WHERE `id` = 9 LIMIT 1   [ RunTime:0.0290s ]
SQL: SELECT `name` FROM `oj_company` WHERE `id` = 15 LIMIT 1   [ RunTime:0.0330s ]
SQL: SELECT `name` FROM `oj_company` WHERE `id` = 7 LIMIT 1   [ RunTime:0.0310s ]
SQL: SELECT `name` FROM `oj_company` WHERE `id` = 21 LIMIT 1   [ RunTime:0.0280s ]
SQL: SELECT `name` FROM `oj_company` WHERE `id` = 22 LIMIT 1   [ RunTime:0.0280s ]
SQL: SELECT `name` FROM `oj_company` WHERE `id` = 2 LIMIT 1   [ RunTime:0.0290s ]
SQL: SELECT `name` FROM `oj_company` WHERE `id` = 1 LIMIT 1   [ RunTime:0.0290s ]
INFO: [ view_parse ] --START--
INFO: [ template_filter ] --START--
INFO: Run Behavior\ContentReplaceBehavior [ RunTime:0.000000s ]
INFO: [ template_filter ] --END-- [ RunTime:0.000000s ]
NOTIC: [8] Undefined index: user D:\TortoiseSVNspace\onejobtest\Application\Runtime\Cache\Mobile\59803a09875c7569286531ef77035039.php 第 133 行.
NOTIC: [8] Undefined index: company D:\TortoiseSVNspace\onejobtest\Application\Runtime\Cache\Mobile\59803a09875c7569286531ef77035039.php 第 134 行.
INFO: Run Behavior\ParseTemplateBehavior [ RunTime:0.012001s ]
INFO: [ view_parse ] --END-- [ RunTime:0.012001s ]
INFO: [ view_filter ] --START--
INFO: Run Behavior\WriteHtmlCacheBehavior [ RunTime:0.001000s ]
INFO: [ view_filter ] --END-- [ RunTime:0.001000s ]
INFO: [ app_end ] --START--
INFO: Run Behavior\ShowPageTraceBehavior [ RunTime:0.001000s ]
INFO: [ app_end ] --END-- [ RunTime:0.001000s ]
NOTIC: [2] ini_set(): A session is active. You cannot change the session module's ini settings at this time D:\TortoiseSVNspace\onejobtest\index.php 第 25 行.

[ 2017-03-12T20:31:18+08:00 ] 127.0.0.1 /index.php/Mobile/Index/index.html
INFO: [ app_init ] --START--
INFO: Run Behavior\BuildLiteBehavior [ RunTime:0.000000s ]
INFO: [ app_init ] --END-- [ RunTime:0.001000s ]
INFO: [ app_begin ] --START--
INFO: Run Behavior\ReadHtmlCacheBehavior [ RunTime:0.001000s ]
INFO: [ app_begin ] --END-- [ RunTime:0.001000s ]
SQL: SHOW COLUMNS FROM `oj_job` [ RunTime:0.0300s ]
SQL: SELECT COUNT(*) AS tp_count FROM `oj_job` WHERE `state` = 1 LIMIT 1   [ RunTime:0.0320s ]
SQL: SELECT `jid`,`company_id`,`salary_high`,`salary_low`,`name`,`create_time` FROM `oj_job` WHERE `state` = 1 ORDER BY is_top LIMIT 0,10   [ RunTime:0.0300s ]
SQL: SHOW COLUMNS FROM `oj_company` [ RunTime:0.0330s ]
SQL: SELECT `name` FROM `oj_company` WHERE `id` = 1 LIMIT 1   [ RunTime:0.0350s ]
SQL: SELECT `name` FROM `oj_company` WHERE `id` = 318 LIMIT 1   [ RunTime:0.0300s ]
SQL: SELECT `name` FROM `oj_company` WHERE `id` = 10 LIMIT 1   [ RunTime:0.0300s ]
SQL: SELECT `name` FROM `oj_company` WHERE `id` = 9 LIMIT 1   [ RunTime:0.0290s ]
SQL: SELECT `name` FROM `oj_company` WHERE `id` = 15 LIMIT 1   [ RunTime:0.0290s ]
SQL: SELECT `name` FROM `oj_company` WHERE `id` = 7 LIMIT 1   [ RunTime:0.0290s ]
SQL: SELECT `name` FROM `oj_company` WHERE `id` = 21 LIMIT 1   [ RunTime:0.0290s ]
SQL: SELECT `name` FROM `oj_company` WHERE `id` = 22 LIMIT 1   [ RunTime:0.0290s ]
SQL: SELECT `name` FROM `oj_company` WHERE `id` = 2 LIMIT 1   [ RunTime:0.0340s ]
SQL: SELECT `name` FROM `oj_company` WHERE `id` = 1 LIMIT 1   [ RunTime:0.0290s ]
INFO: [ view_parse ] --START--
INFO: [ template_filter ] --START--
INFO: Run Behavior\ContentReplaceBehavior [ RunTime:0.000000s ]
INFO: [ template_filter ] --END-- [ RunTime:0.000000s ]
NOTIC: [8] Undefined index: user D:\TortoiseSVNspace\onejobtest\Application\Runtime\Cache\Mobile\59803a09875c7569286531ef77035039.php 第 133 行.
NOTIC: [8] Undefined index: company D:\TortoiseSVNspace\onejobtest\Application\Runtime\Cache\Mobile\59803a09875c7569286531ef77035039.php 第 134 行.
INFO: Run Behavior\ParseTemplateBehavior [ RunTime:0.014000s ]
INFO: [ view_parse ] --END-- [ RunTime:0.014000s ]
INFO: [ view_filter ] --START--
INFO: Run Behavior\WriteHtmlCacheBehavior [ RunTime:0.001000s ]
INFO: [ view_filter ] --END-- [ RunTime:0.001000s ]
INFO: [ app_end ] --START--
INFO: Run Behavior\ShowPageTraceBehavior [ RunTime:0.001000s ]
INFO: [ app_end ] --END-- [ RunTime:0.001000s ]
NOTIC: [2] ini_set(): A session is active. You cannot change the session module's ini settings at this time D:\TortoiseSVNspace\onejobtest\index.php 第 25 行.

[ 2017-03-12T20:31:50+08:00 ] 127.0.0.1 /index.php/Mobile/Index/index.html
INFO: [ app_init ] --START--
INFO: Run Behavior\BuildLiteBehavior [ RunTime:0.000000s ]
INFO: [ app_init ] --END-- [ RunTime:0.000000s ]
INFO: [ app_begin ] --START--
INFO: Run Behavior\ReadHtmlCacheBehavior [ RunTime:0.000000s ]
INFO: [ app_begin ] --END-- [ RunTime:0.000000s ]
SQL: SHOW COLUMNS FROM `oj_job` [ RunTime:0.0300s ]
SQL: SELECT COUNT(*) AS tp_count FROM `oj_job` WHERE `state` = 1 LIMIT 1   [ RunTime:0.0300s ]
SQL: SELECT `jid`,`company_id`,`salary_high`,`salary_low`,`name`,`create_time` FROM `oj_job` WHERE `state` = 1 ORDER BY is_top LIMIT 0,10   [ RunTime:0.0300s ]
SQL: SHOW COLUMNS FROM `oj_company` [ RunTime:0.0300s ]
SQL: SELECT `name` FROM `oj_company` WHERE `id` = 1 LIMIT 1   [ RunTime:0.0290s ]
SQL: SELECT `name` FROM `oj_company` WHERE `id` = 318 LIMIT 1   [ RunTime:0.0290s ]
SQL: SELECT `name` FROM `oj_company` WHERE `id` = 10 LIMIT 1   [ RunTime:0.0290s ]
SQL: SELECT `name` FROM `oj_company` WHERE `id` = 9 LIMIT 1   [ RunTime:0.0290s ]
SQL: SELECT `name` FROM `oj_company` WHERE `id` = 15 LIMIT 1   [ RunTime:0.0290s ]
SQL: SELECT `name` FROM `oj_company` WHERE `id` = 7 LIMIT 1   [ RunTime:0.0290s ]
SQL: SELECT `name` FROM `oj_company` WHERE `id` = 21 LIMIT 1   [ RunTime:0.0280s ]
SQL: SELECT `name` FROM `oj_company` WHERE `id` = 22 LIMIT 1   [ RunTime:0.0290s ]
SQL: SELECT `name` FROM `oj_company` WHERE `id` = 2 LIMIT 1   [ RunTime:0.0280s ]
SQL: SELECT `name` FROM `oj_company` WHERE `id` = 1 LIMIT 1   [ RunTime:0.0290s ]
INFO: [ view_parse ] --START--
INFO: [ template_filter ] --START--
INFO: Run Behavior\ContentReplaceBehavior [ RunTime:0.000000s ]
INFO: [ template_filter ] --END-- [ RunTime:0.000000s ]
NOTIC: [8] Undefined index: user D:\TortoiseSVNspace\onejobtest\Application\Runtime\Cache\Mobile\59803a09875c7569286531ef77035039.php 第 133 行.
NOTIC: [8] Undefined index: company D:\TortoiseSVNspace\onejobtest\Application\Runtime\Cache\Mobile\59803a09875c7569286531ef77035039.php 第 134 行.
INFO: Run Behavior\ParseTemplateBehavior [ RunTime:0.008000s ]
INFO: [ view_parse ] --END-- [ RunTime:0.009000s ]
INFO: [ view_filter ] --START--
INFO: Run Behavior\WriteHtmlCacheBehavior [ RunTime:0.000000s ]
INFO: [ view_filter ] --END-- [ RunTime:0.000000s ]
INFO: [ app_end ] --START--
INFO: Run Behavior\ShowPageTraceBehavior [ RunTime:0.001000s ]
INFO: [ app_end ] --END-- [ RunTime:0.001000s ]
NOTIC: [2] ini_set(): A session is active. You cannot change the session module's ini settings at this time D:\TortoiseSVNspace\onejobtest\index.php 第 25 行.

[ 2017-03-12T20:32:21+08:00 ] 127.0.0.1 /index.php/Mobile/Index/index.html
INFO: [ app_init ] --START--
INFO: Run Behavior\BuildLiteBehavior [ RunTime:0.000000s ]
INFO: [ app_init ] --END-- [ RunTime:0.000000s ]
INFO: [ app_begin ] --START--
INFO: Run Behavior\ReadHtmlCacheBehavior [ RunTime:0.001000s ]
INFO: [ app_begin ] --END-- [ RunTime:0.001000s ]
SQL: SHOW COLUMNS FROM `oj_job` [ RunTime:0.0300s ]
SQL: SELECT COUNT(*) AS tp_count FROM `oj_job` WHERE `state` = 1 LIMIT 1   [ RunTime:0.0300s ]
SQL: SELECT `jid`,`company_id`,`salary_high`,`salary_low`,`name`,`create_time` FROM `oj_job` WHERE `state` = 1 ORDER BY is_top LIMIT 0,10   [ RunTime:0.0310s ]
SQL: SHOW COLUMNS FROM `oj_company` [ RunTime:0.0310s ]
SQL: SELECT `name` FROM `oj_company` WHERE `id` = 1 LIMIT 1   [ RunTime:0.0380s ]
SQL: SELECT `name` FROM `oj_company` WHERE `id` = 318 LIMIT 1   [ RunTime:0.0300s ]
SQL: SELECT `name` FROM `oj_company` WHERE `id` = 10 LIMIT 1   [ RunTime:0.0290s ]
SQL: SELECT `name` FROM `oj_company` WHERE `id` = 9 LIMIT 1   [ RunTime:0.0300s ]
SQL: SELECT `name` FROM `oj_company` WHERE `id` = 15 LIMIT 1   [ RunTime:0.0300s ]
SQL: SELECT `name` FROM `oj_company` WHERE `id` = 7 LIMIT 1   [ RunTime:0.0300s ]
SQL: SELECT `name` FROM `oj_company` WHERE `id` = 21 LIMIT 1   [ RunTime:0.0320s ]
SQL: SELECT `name` FROM `oj_company` WHERE `id` = 22 LIMIT 1   [ RunTime:0.0300s ]
SQL: SELECT `name` FROM `oj_company` WHERE `id` = 2 LIMIT 1   [ RunTime:0.0300s ]
SQL: SELECT `name` FROM `oj_company` WHERE `id` = 1 LIMIT 1   [ RunTime:0.0290s ]
INFO: [ view_parse ] --START--
INFO: [ template_filter ] --START--
INFO: Run Behavior\ContentReplaceBehavior [ RunTime:0.000000s ]
INFO: [ template_filter ] --END-- [ RunTime:0.000000s ]
NOTIC: [8] Undefined index: user D:\TortoiseSVNspace\onejobtest\Application\Runtime\Cache\Mobile\59803a09875c7569286531ef77035039.php 第 133 行.
NOTIC: [8] Undefined index: company D:\TortoiseSVNspace\onejobtest\Application\Runtime\Cache\Mobile\59803a09875c7569286531ef77035039.php 第 134 行.
INFO: Run Behavior\ParseTemplateBehavior [ RunTime:0.007000s ]
INFO: [ view_parse ] --END-- [ RunTime:0.007000s ]
INFO: [ view_filter ] --START--
INFO: Run Behavior\WriteHtmlCacheBehavior [ RunTime:0.000000s ]
INFO: [ view_filter ] --END-- [ RunTime:0.000000s ]
INFO: [ app_end ] --START--
INFO: Run Behavior\ShowPageTraceBehavior [ RunTime:0.001000s ]
INFO: [ app_end ] --END-- [ RunTime:0.001000s ]
NOTIC: [2] ini_set(): A session is active. You cannot change the session module's ini settings at this time D:\TortoiseSVNspace\onejobtest\index.php 第 25 行.

[ 2017-03-12T20:32:23+08:00 ] 127.0.0.1 /index.php/Mobile/Index/index.html
INFO: [ app_init ] --START--
INFO: Run Behavior\BuildLiteBehavior [ RunTime:0.000000s ]
INFO: [ app_init ] --END-- [ RunTime:0.000000s ]
INFO: [ app_begin ] --START--
INFO: Run Behavior\ReadHtmlCacheBehavior [ RunTime:0.002000s ]
INFO: [ app_begin ] --END-- [ RunTime:0.002000s ]
SQL: SHOW COLUMNS FROM `oj_job` [ RunTime:0.0330s ]
SQL: SELECT COUNT(*) AS tp_count FROM `oj_job` WHERE `state` = 1 LIMIT 1   [ RunTime:0.0300s ]
SQL: SELECT `jid`,`company_id`,`salary_high`,`salary_low`,`name`,`create_time` FROM `oj_job` WHERE `state` = 1 ORDER BY is_top LIMIT 0,10   [ RunTime:0.0320s ]
SQL: SHOW COLUMNS FROM `oj_company` [ RunTime:0.0320s ]
SQL: SELECT `name` FROM `oj_company` WHERE `id` = 1 LIMIT 1   [ RunTime:0.0300s ]
SQL: SELECT `name` FROM `oj_company` WHERE `id` = 318 LIMIT 1   [ RunTime:0.0300s ]
SQL: SELECT `name` FROM `oj_company` WHERE `id` = 10 LIMIT 1   [ RunTime:0.0300s ]
SQL: SELECT `name` FROM `oj_company` WHERE `id` = 9 LIMIT 1   [ RunTime:0.0300s ]
SQL: SELECT `name` FROM `oj_company` WHERE `id` = 15 LIMIT 1   [ RunTime:0.0300s ]
SQL: SELECT `name` FROM `oj_company` WHERE `id` = 7 LIMIT 1   [ RunTime:0.0300s ]
SQL: SELECT `name` FROM `oj_company` WHERE `id` = 21 LIMIT 1   [ RunTime:0.0300s ]
SQL: SELECT `name` FROM `oj_company` WHERE `id` = 22 LIMIT 1   [ RunTime:0.0300s ]
SQL: SELECT `name` FROM `oj_company` WHERE `id` = 2 LIMIT 1   [ RunTime:0.0300s ]
SQL: SELECT `name` FROM `oj_company` WHERE `id` = 1 LIMIT 1   [ RunTime:0.0300s ]
INFO: [ view_parse ] --START--
INFO: [ template_filter ] --START--
INFO: Run Behavior\ContentReplaceBehavior [ RunTime:0.000000s ]
INFO: [ template_filter ] --END-- [ RunTime:0.000000s ]
NOTIC: [8] Undefined index: user D:\TortoiseSVNspace\onejobtest\Application\Runtime\Cache\Mobile\59803a09875c7569286531ef77035039.php 第 133 行.
NOTIC: [8] Undefined index: company D:\TortoiseSVNspace\onejobtest\Application\Runtime\Cache\Mobile\59803a09875c7569286531ef77035039.php 第 134 行.
INFO: Run Behavior\ParseTemplateBehavior [ RunTime:0.010000s ]
INFO: [ view_parse ] --END-- [ RunTime:0.011000s ]
INFO: [ view_filter ] --START--
INFO: Run Behavior\WriteHtmlCacheBehavior [ RunTime:0.001000s ]
INFO: [ view_filter ] --END-- [ RunTime:0.001000s ]
INFO: [ app_end ] --START--
INFO: Run Behavior\ShowPageTraceBehavior [ RunTime:0.001000s ]
INFO: [ app_end ] --END-- [ RunTime:0.001000s ]
NOTIC: [2] ini_set(): A session is active. You cannot change the session module's ini settings at this time D:\TortoiseSVNspace\onejobtest\index.php 第 25 行.

[ 2017-03-12T20:33:53+08:00 ] 127.0.0.1 /index.php/Mobile/Index/index.html
INFO: [ app_init ] --START--
INFO: Run Behavior\BuildLiteBehavior [ RunTime:0.000000s ]
INFO: [ app_init ] --END-- [ RunTime:0.000000s ]
INFO: [ app_begin ] --START--
INFO: Run Behavior\ReadHtmlCacheBehavior [ RunTime:0.000000s ]
INFO: [ app_begin ] --END-- [ RunTime:0.000000s ]
SQL: SHOW COLUMNS FROM `oj_job` [ RunTime:0.0300s ]
SQL: SELECT COUNT(*) AS tp_count FROM `oj_job` WHERE `state` = 1 LIMIT 1   [ RunTime:0.0300s ]
SQL: SELECT `jid`,`company_id`,`salary_high`,`salary_low`,`name`,`create_time` FROM `oj_job` WHERE `state` = 1 ORDER BY is_top LIMIT 0,10   [ RunTime:0.0300s ]
SQL: SHOW COLUMNS FROM `oj_company` [ RunTime:0.0310s ]
SQL: SELECT `name` FROM `oj_company` WHERE `id` = 1 LIMIT 1   [ RunTime:0.0450s ]
SQL: SELECT `name` FROM `oj_company` WHERE `id` = 318 LIMIT 1   [ RunTime:0.0290s ]
SQL: SELECT `name` FROM `oj_company` WHERE `id` = 10 LIMIT 1   [ RunTime:0.0340s ]
SQL: SELECT `name` FROM `oj_company` WHERE `id` = 9 LIMIT 1   [ RunTime:0.0290s ]
SQL: SELECT `name` FROM `oj_company` WHERE `id` = 15 LIMIT 1   [ RunTime:0.0290s ]
SQL: SELECT `name` FROM `oj_company` WHERE `id` = 7 LIMIT 1   [ RunTime:0.0300s ]
SQL: SELECT `name` FROM `oj_company` WHERE `id` = 21 LIMIT 1   [ RunTime:0.0350s ]
SQL: SELECT `name` FROM `oj_company` WHERE `id` = 22 LIMIT 1   [ RunTime:0.0290s ]
SQL: SELECT `name` FROM `oj_company` WHERE `id` = 2 LIMIT 1   [ RunTime:0.0310s ]
SQL: SELECT `name` FROM `oj_company` WHERE `id` = 1 LIMIT 1   [ RunTime:0.0300s ]
INFO: [ view_parse ] --START--
INFO: [ template_filter ] --START--
INFO: Run Behavior\ContentReplaceBehavior [ RunTime:0.000000s ]
INFO: [ template_filter ] --END-- [ RunTime:0.001000s ]
NOTIC: [8] Undefined index: user D:\TortoiseSVNspace\onejobtest\Application\Runtime\Cache\Mobile\59803a09875c7569286531ef77035039.php 第 133 行.
NOTIC: [8] Undefined index: company D:\TortoiseSVNspace\onejobtest\Application\Runtime\Cache\Mobile\59803a09875c7569286531ef77035039.php 第 134 行.
INFO: Run Behavior\ParseTemplateBehavior [ RunTime:0.008000s ]
INFO: [ view_parse ] --END-- [ RunTime:0.008000s ]
INFO: [ view_filter ] --START--
INFO: Run Behavior\WriteHtmlCacheBehavior [ RunTime:0.000000s ]
INFO: [ view_filter ] --END-- [ RunTime:0.000000s ]
INFO: [ app_end ] --START--
INFO: Run Behavior\ShowPageTraceBehavior [ RunTime:0.000000s ]
INFO: [ app_end ] --END-- [ RunTime:0.000000s ]
NOTIC: [2] ini_set(): A session is active. You cannot change the session module's ini settings at this time D:\TortoiseSVNspace\onejobtest\index.php 第 25 行.

[ 2017-03-12T20:33:54+08:00 ] 127.0.0.1 /index.php/Mobile/Index/index.html
INFO: [ app_init ] --START--
INFO: Run Behavior\BuildLiteBehavior [ RunTime:0.000000s ]
INFO: [ app_init ] --END-- [ RunTime:0.000000s ]
INFO: [ app_begin ] --START--
INFO: Run Behavior\ReadHtmlCacheBehavior [ RunTime:0.000000s ]
INFO: [ app_begin ] --END-- [ RunTime:0.000000s ]
SQL: SHOW COLUMNS FROM `oj_job` [ RunTime:0.0300s ]
SQL: SELECT COUNT(*) AS tp_count FROM `oj_job` WHERE `state` = 1 LIMIT 1   [ RunTime:0.0350s ]
SQL: SELECT `jid`,`company_id`,`salary_high`,`salary_low`,`name`,`create_time` FROM `oj_job` WHERE `state` = 1 ORDER BY is_top LIMIT 0,10   [ RunTime:0.0300s ]
SQL: SHOW COLUMNS FROM `oj_company` [ RunTime:0.0300s ]
SQL: SELECT `name` FROM `oj_company` WHERE `id` = 1 LIMIT 1   [ RunTime:0.0280s ]
SQL: SELECT `name` FROM `oj_company` WHERE `id` = 318 LIMIT 1   [ RunTime:0.0280s ]
SQL: SELECT `name` FROM `oj_company` WHERE `id` = 10 LIMIT 1   [ RunTime:0.0290s ]
SQL: SELECT `name` FROM `oj_company` WHERE `id` = 9 LIMIT 1   [ RunTime:0.0290s ]
SQL: SELECT `name` FROM `oj_company` WHERE `id` = 15 LIMIT 1   [ RunTime:0.0280s ]
SQL: SELECT `name` FROM `oj_company` WHERE `id` = 7 LIMIT 1   [ RunTime:0.0280s ]
SQL: SELECT `name` FROM `oj_company` WHERE `id` = 21 LIMIT 1   [ RunTime:0.0280s ]
SQL: SELECT `name` FROM `oj_company` WHERE `id` = 22 LIMIT 1   [ RunTime:0.0290s ]
SQL: SELECT `name` FROM `oj_company` WHERE `id` = 2 LIMIT 1   [ RunTime:0.0280s ]
SQL: SELECT `name` FROM `oj_company` WHERE `id` = 1 LIMIT 1   [ RunTime:0.0280s ]
INFO: [ view_parse ] --START--
INFO: [ template_filter ] --START--
INFO: Run Behavior\ContentReplaceBehavior [ RunTime:0.000000s ]
INFO: [ template_filter ] --END-- [ RunTime:0.000000s ]
NOTIC: [8] Undefined index: user D:\TortoiseSVNspace\onejobtest\Application\Runtime\Cache\Mobile\59803a09875c7569286531ef77035039.php 第 133 行.
NOTIC: [8] Undefined index: company D:\TortoiseSVNspace\onejobtest\Application\Runtime\Cache\Mobile\59803a09875c7569286531ef77035039.php 第 134 行.
INFO: Run Behavior\ParseTemplateBehavior [ RunTime:0.024002s ]
INFO: [ view_parse ] --END-- [ RunTime:0.024002s ]
INFO: [ view_filter ] --START--
INFO: Run Behavior\WriteHtmlCacheBehavior [ RunTime:0.000000s ]
INFO: [ view_filter ] --END-- [ RunTime:0.000000s ]
INFO: [ app_end ] --START--
INFO: Run Behavior\ShowPageTraceBehavior [ RunTime:0.001000s ]
INFO: [ app_end ] --END-- [ RunTime:0.001000s ]
NOTIC: [2] ini_set(): A session is active. You cannot change the session module's ini settings at this time D:\TortoiseSVNspace\onejobtest\index.php 第 25 行.

[ 2017-03-12T20:33:59+08:00 ] 127.0.0.1 /index.php/Mobile/Index/index.html
INFO: [ app_init ] --START--
INFO: Run Behavior\BuildLiteBehavior [ RunTime:0.000000s ]
INFO: [ app_init ] --END-- [ RunTime:0.000000s ]
INFO: [ app_begin ] --START--
INFO: Run Behavior\ReadHtmlCacheBehavior [ RunTime:0.000000s ]
INFO: [ app_begin ] --END-- [ RunTime:0.001000s ]
SQL: SHOW COLUMNS FROM `oj_job` [ RunTime:0.0300s ]
SQL: SELECT COUNT(*) AS tp_count FROM `oj_job` WHERE `state` = 1 LIMIT 1   [ RunTime:0.0450s ]
SQL: SELECT `jid`,`company_id`,`salary_high`,`salary_low`,`name`,`create_time` FROM `oj_job` WHERE `state` = 1 ORDER BY is_top LIMIT 0,10   [ RunTime:0.0300s ]
SQL: SHOW COLUMNS FROM `oj_company` [ RunTime:0.0310s ]
SQL: SELECT `name` FROM `oj_company` WHERE `id` = 1 LIMIT 1   [ RunTime:0.0290s ]
SQL: SELECT `name` FROM `oj_company` WHERE `id` = 318 LIMIT 1   [ RunTime:0.0290s ]
SQL: SELECT `name` FROM `oj_company` WHERE `id` = 10 LIMIT 1   [ RunTime:0.0290s ]
SQL: SELECT `name` FROM `oj_company` WHERE `id` = 9 LIMIT 1   [ RunTime:0.0290s ]
SQL: SELECT `name` FROM `oj_company` WHERE `id` = 15 LIMIT 1   [ RunTime:0.0290s ]
SQL: SELECT `name` FROM `oj_company` WHERE `id` = 7 LIMIT 1   [ RunTime:0.0290s ]
SQL: SELECT `name` FROM `oj_company` WHERE `id` = 21 LIMIT 1   [ RunTime:0.0290s ]
SQL: SELECT `name` FROM `oj_company` WHERE `id` = 22 LIMIT 1   [ RunTime:0.0400s ]
SQL: SELECT `name` FROM `oj_company` WHERE `id` = 2 LIMIT 1   [ RunTime:0.0290s ]
SQL: SELECT `name` FROM `oj_company` WHERE `id` = 1 LIMIT 1   [ RunTime:0.0290s ]
INFO: [ view_parse ] --START--
INFO: [ template_filter ] --START--
INFO: Run Behavior\ContentReplaceBehavior [ RunTime:0.000000s ]
INFO: [ template_filter ] --END-- [ RunTime:0.000000s ]
NOTIC: [8] Undefined index: user D:\TortoiseSVNspace\onejobtest\Application\Runtime\Cache\Mobile\59803a09875c7569286531ef77035039.php 第 133 行.
NOTIC: [8] Undefined index: company D:\TortoiseSVNspace\onejobtest\Application\Runtime\Cache\Mobile\59803a09875c7569286531ef77035039.php 第 134 行.
INFO: Run Behavior\ParseTemplateBehavior [ RunTime:0.011001s ]
INFO: [ view_parse ] --END-- [ RunTime:0.011001s ]
INFO: [ view_filter ] --START--
INFO: Run Behavior\WriteHtmlCacheBehavior [ RunTime:0.001000s ]
INFO: [ view_filter ] --END-- [ RunTime:0.001000s ]
INFO: [ app_end ] --START--
INFO: Run Behavior\ShowPageTraceBehavior [ RunTime:0.001000s ]
INFO: [ app_end ] --END-- [ RunTime:0.001000s ]
NOTIC: [2] ini_set(): A session is active. You cannot change the session module's ini settings at this time D:\TortoiseSVNspace\onejobtest\index.php 第 25 行.

[ 2017-03-12T20:34:00+08:00 ] 127.0.0.1 /index.php/Mobile/Index/index.html
INFO: [ app_init ] --START--
INFO: Run Behavior\BuildLiteBehavior [ RunTime:0.000000s ]
INFO: [ app_init ] --END-- [ RunTime:0.000000s ]
INFO: [ app_begin ] --START--
INFO: Run Behavior\ReadHtmlCacheBehavior [ RunTime:0.000000s ]
INFO: [ app_begin ] --END-- [ RunTime:0.000000s ]
SQL: SHOW COLUMNS FROM `oj_job` [ RunTime:0.0320s ]
SQL: SELECT COUNT(*) AS tp_count FROM `oj_job` WHERE `state` = 1 LIMIT 1   [ RunTime:0.0310s ]
SQL: SELECT `jid`,`company_id`,`salary_high`,`salary_low`,`name`,`create_time` FROM `oj_job` WHERE `state` = 1 ORDER BY is_top LIMIT 0,10   [ RunTime:0.0320s ]
SQL: SHOW COLUMNS FROM `oj_company` [ RunTime:0.0330s ]
SQL: SELECT `name` FROM `oj_company` WHERE `id` = 1 LIMIT 1   [ RunTime:0.0300s ]
SQL: SELECT `name` FROM `oj_company` WHERE `id` = 318 LIMIT 1   [ RunTime:0.0300s ]
SQL: SELECT `name` FROM `oj_company` WHERE `id` = 10 LIMIT 1   [ RunTime:0.0320s ]
SQL: SELECT `name` FROM `oj_company` WHERE `id` = 9 LIMIT 1   [ RunTime:0.0310s ]
SQL: SELECT `name` FROM `oj_company` WHERE `id` = 15 LIMIT 1   [ RunTime:0.0310s ]
SQL: SELECT `name` FROM `oj_company` WHERE `id` = 7 LIMIT 1   [ RunTime:0.0310s ]
SQL: SELECT `name` FROM `oj_company` WHERE `id` = 21 LIMIT 1   [ RunTime:0.0300s ]
SQL: SELECT `name` FROM `oj_company` WHERE `id` = 22 LIMIT 1   [ RunTime:0.0310s ]
SQL: SELECT `name` FROM `oj_company` WHERE `id` = 2 LIMIT 1   [ RunTime:0.0300s ]
SQL: SELECT `name` FROM `oj_company` WHERE `id` = 1 LIMIT 1   [ RunTime:0.0310s ]
INFO: [ view_parse ] --START--
INFO: [ template_filter ] --START--
INFO: Run Behavior\ContentReplaceBehavior [ RunTime:0.000000s ]
INFO: [ template_filter ] --END-- [ RunTime:0.001000s ]
NOTIC: [8] Undefined index: user D:\TortoiseSVNspace\onejobtest\Application\Runtime\Cache\Mobile\59803a09875c7569286531ef77035039.php 第 133 行.
NOTIC: [8] Undefined index: company D:\TortoiseSVNspace\onejobtest\Application\Runtime\Cache\Mobile\59803a09875c7569286531ef77035039.php 第 134 行.
INFO: Run Behavior\ParseTemplateBehavior [ RunTime:0.022001s ]
INFO: [ view_parse ] --END-- [ RunTime:0.022001s ]
INFO: [ view_filter ] --START--
INFO: Run Behavior\WriteHtmlCacheBehavior [ RunTime:0.001000s ]
INFO: [ view_filter ] --END-- [ RunTime:0.001000s ]
INFO: [ app_end ] --START--
INFO: Run Behavior\ShowPageTraceBehavior [ RunTime:0.001001s ]
INFO: [ app_end ] --END-- [ RunTime:0.001001s ]
NOTIC: [2] ini_set(): A session is active. You cannot change the session module's ini settings at this time D:\TortoiseSVNspace\onejobtest\index.php 第 25 行.

[ 2017-03-12T20:35:16+08:00 ] 127.0.0.1 /index.php/Mobile/Index/index.html
INFO: [ app_init ] --START--
INFO: Run Behavior\BuildLiteBehavior [ RunTime:0.000000s ]
INFO: [ app_init ] --END-- [ RunTime:0.000000s ]
INFO: [ app_begin ] --START--
INFO: Run Behavior\ReadHtmlCacheBehavior [ RunTime:0.002000s ]
INFO: [ app_begin ] --END-- [ RunTime:0.002000s ]
SQL: SHOW COLUMNS FROM `oj_job` [ RunTime:0.0320s ]
SQL: SELECT COUNT(*) AS tp_count FROM `oj_job` WHERE `state` = 1 LIMIT 1   [ RunTime:0.0310s ]
SQL: SELECT `jid`,`company_id`,`salary_high`,`salary_low`,`name`,`create_time` FROM `oj_job` WHERE `state` = 1 ORDER BY is_top LIMIT 0,10   [ RunTime:0.0310s ]
SQL: SHOW COLUMNS FROM `oj_company` [ RunTime:0.0320s ]
SQL: SELECT `name` FROM `oj_company` WHERE `id` = 1 LIMIT 1   [ RunTime:0.0290s ]
SQL: SELECT `name` FROM `oj_company` WHERE `id` = 318 LIMIT 1   [ RunTime:0.0300s ]
SQL: SELECT `name` FROM `oj_company` WHERE `id` = 10 LIMIT 1   [ RunTime:0.0300s ]
SQL: SELECT `name` FROM `oj_company` WHERE `id` = 9 LIMIT 1   [ RunTime:0.0300s ]
SQL: SELECT `name` FROM `oj_company` WHERE `id` = 15 LIMIT 1   [ RunTime:0.0290s ]
SQL: SELECT `name` FROM `oj_company` WHERE `id` = 7 LIMIT 1   [ RunTime:0.0290s ]
SQL: SELECT `name` FROM `oj_company` WHERE `id` = 21 LIMIT 1   [ RunTime:0.0410s ]
SQL: SELECT `name` FROM `oj_company` WHERE `id` = 22 LIMIT 1   [ RunTime:0.0290s ]
SQL: SELECT `name` FROM `oj_company` WHERE `id` = 2 LIMIT 1   [ RunTime:0.0300s ]
SQL: SELECT `name` FROM `oj_company` WHERE `id` = 1 LIMIT 1   [ RunTime:0.0300s ]
INFO: [ view_parse ] --START--
INFO: [ template_filter ] --START--
INFO: Run Behavior\ContentReplaceBehavior [ RunTime:0.000000s ]
INFO: [ template_filter ] --END-- [ RunTime:0.000000s ]
NOTIC: [8] Undefined index: user D:\TortoiseSVNspace\onejobtest\Application\Runtime\Cache\Mobile\59803a09875c7569286531ef77035039.php 第 133 行.
NOTIC: [8] Undefined index: company D:\TortoiseSVNspace\onejobtest\Application\Runtime\Cache\Mobile\59803a09875c7569286531ef77035039.php 第 134 行.
INFO: Run Behavior\ParseTemplateBehavior [ RunTime:0.014001s ]
INFO: [ view_parse ] --END-- [ RunTime:0.014001s ]
INFO: [ view_filter ] --START--
INFO: Run Behavior\WriteHtmlCacheBehavior [ RunTime:0.000000s ]
INFO: [ view_filter ] --END-- [ RunTime:0.000000s ]
INFO: [ app_end ] --START--
INFO: Run Behavior\ShowPageTraceBehavior [ RunTime:0.000000s ]
INFO: [ app_end ] --END-- [ RunTime:0.001000s ]
NOTIC: [2] ini_set(): A session is active. You cannot change the session module's ini settings at this time D:\TortoiseSVNspace\onejobtest\index.php 第 25 行.

[ 2017-03-12T20:35:17+08:00 ] 127.0.0.1 /index.php/Mobile/Index/index.html
INFO: [ app_init ] --START--
INFO: Run Behavior\BuildLiteBehavior [ RunTime:0.000000s ]
INFO: [ app_init ] --END-- [ RunTime:0.000000s ]
INFO: [ app_begin ] --START--
INFO: Run Behavior\ReadHtmlCacheBehavior [ RunTime:0.001000s ]
INFO: [ app_begin ] --END-- [ RunTime:0.001000s ]
SQL: SHOW COLUMNS FROM `oj_job` [ RunTime:0.0300s ]
SQL: SELECT COUNT(*) AS tp_count FROM `oj_job` WHERE `state` = 1 LIMIT 1   [ RunTime:0.0300s ]
SQL: SELECT `jid`,`company_id`,`salary_high`,`salary_low`,`name`,`create_time` FROM `oj_job` WHERE `state` = 1 ORDER BY is_top LIMIT 0,10   [ RunTime:0.0300s ]
SQL: SHOW COLUMNS FROM `oj_company` [ RunTime:0.0300s ]
SQL: SELECT `name` FROM `oj_company` WHERE `id` = 1 LIMIT 1   [ RunTime:0.0290s ]
SQL: SELECT `name` FROM `oj_company` WHERE `id` = 318 LIMIT 1   [ RunTime:0.0290s ]
SQL: SELECT `name` FROM `oj_company` WHERE `id` = 10 LIMIT 1   [ RunTime:0.0290s ]
SQL: SELECT `name` FROM `oj_company` WHERE `id` = 9 LIMIT 1   [ RunTime:0.0290s ]
SQL: SELECT `name` FROM `oj_company` WHERE `id` = 15 LIMIT 1   [ RunTime:0.0290s ]
SQL: SELECT `name` FROM `oj_company` WHERE `id` = 7 LIMIT 1   [ RunTime:0.0290s ]
SQL: SELECT `name` FROM `oj_company` WHERE `id` = 21 LIMIT 1   [ RunTime:0.0300s ]
SQL: SELECT `name` FROM `oj_company` WHERE `id` = 22 LIMIT 1   [ RunTime:0.0290s ]
SQL: SELECT `name` FROM `oj_company` WHERE `id` = 2 LIMIT 1   [ RunTime:0.0290s ]
SQL: SELECT `name` FROM `oj_company` WHERE `id` = 1 LIMIT 1   [ RunTime:0.0290s ]
INFO: [ view_parse ] --START--
INFO: [ template_filter ] --START--
INFO: Run Behavior\ContentReplaceBehavior [ RunTime:0.000000s ]
INFO: [ template_filter ] --END-- [ RunTime:0.000000s ]
NOTIC: [8] Undefined index: user D:\TortoiseSVNspace\onejobtest\Application\Runtime\Cache\Mobile\59803a09875c7569286531ef77035039.php 第 133 行.
NOTIC: [8] Undefined index: company D:\TortoiseSVNspace\onejobtest\Application\Runtime\Cache\Mobile\59803a09875c7569286531ef77035039.php 第 134 行.
INFO: Run Behavior\ParseTemplateBehavior [ RunTime:0.017001s ]
INFO: [ view_parse ] --END-- [ RunTime:0.017001s ]
INFO: [ view_filter ] --START--
INFO: Run Behavior\WriteHtmlCacheBehavior [ RunTime:0.001000s ]
INFO: [ view_filter ] --END-- [ RunTime:0.001000s ]
INFO: [ app_end ] --START--
INFO: Run Behavior\ShowPageTraceBehavior [ RunTime:0.001000s ]
INFO: [ app_end ] --END-- [ RunTime:0.002000s ]
NOTIC: [2] ini_set(): A session is active. You cannot change the session module's ini settings at this time D:\TortoiseSVNspace\onejobtest\index.php 第 25 行.

