[ 2017-03-06T22:31:33+08:00 ] 127.0.0.1 /index.php/Mina/User/user_info
INFO: [ app_init ] --START--
INFO: Run Behavior\BuildLiteBehavior [ RunTime:0.000000s ]
INFO: [ app_init ] --END-- [ RunTime:0.000000s ]
INFO: [ app_begin ] --START--
INFO: Run Behavior\ReadHtmlCacheBehavior [ RunTime:0.002001s ]
INFO: [ app_begin ] --END-- [ RunTime:0.002001s ]
NOTIC: [8] Undefined index: openid D:\TortoiseSVNspace\onejobtest\Application\Mina\Common\common.php 第 20 行.
NOTIC: [8] A session had already been started - ignoring session_start() D:\TortoiseSVNspace\onejobtest\Application\Mina\Controller\UserController.class.php 第 56 行.

[ 2017-03-06T22:31:36+08:00 ] 127.0.0.1 /index.php/Mina/User/user_info2
INFO: [ app_init ] --START--
INFO: Run Behavior\BuildLiteBehavior [ RunTime:0.000000s ]
INFO: [ app_init ] --END-- [ RunTime:0.000000s ]
INFO: [ app_begin ] --START--
INFO: Run Behavior\ReadHtmlCacheBehavior [ RunTime:0.001000s ]
INFO: [ app_begin ] --END-- [ RunTime:0.001000s ]
NOTIC: [8] Undefined index: openid D:\TortoiseSVNspace\onejobtest\Application\Mina\Common\common.php 第 20 行.
NOTIC: [8] A session had already been started - ignoring session_start() D:\TortoiseSVNspace\onejobtest\Application\Mina\Controller\UserController.class.php 第 62 行.
NOTIC: [8] Undefined offset: 359251 D:\TortoiseSVNspace\onejobtest\Application\Mina\Controller\UserController.class.php 第 63 行.
NOTIC: [8] Undefined offset: 359251 D:\TortoiseSVNspace\onejobtest\Application\Mina\Controller\UserController.class.php 第 64 行.

[ 2017-03-06T22:31:59+08:00 ] 127.0.0.1 /index.php/Mina/User/user_info2
INFO: [ app_init ] --START--
INFO: Run Behavior\BuildLiteBehavior [ RunTime:0.000000s ]
INFO: [ app_init ] --END-- [ RunTime:0.000000s ]
INFO: [ app_begin ] --START--
INFO: Run Behavior\ReadHtmlCacheBehavior [ RunTime:0.001000s ]
INFO: [ app_begin ] --END-- [ RunTime:0.001000s ]
NOTIC: [8] Undefined index: openid D:\TortoiseSVNspace\onejobtest\Application\Mina\Common\common.php 第 20 行.
NOTIC: [8] A session had already been started - ignoring session_start() D:\TortoiseSVNspace\onejobtest\Application\Mina\Controller\UserController.class.php 第 62 行.
NOTIC: [8] Undefined index: a D:\TortoiseSVNspace\onejobtest\Application\Mina\Controller\UserController.class.php 第 63 行.
NOTIC: [8] Undefined index: a D:\TortoiseSVNspace\onejobtest\Application\Mina\Controller\UserController.class.php 第 64 行.

[ 2017-03-06T22:32:01+08:00 ] 127.0.0.1 /index.php/Mina/User/user_info
INFO: [ app_init ] --START--
INFO: Run Behavior\BuildLiteBehavior [ RunTime:0.000000s ]
INFO: [ app_init ] --END-- [ RunTime:0.000000s ]
INFO: [ app_begin ] --START--
INFO: Run Behavior\ReadHtmlCacheBehavior [ RunTime:0.000000s ]
INFO: [ app_begin ] --END-- [ RunTime:0.000000s ]
NOTIC: [8] Undefined index: openid D:\TortoiseSVNspace\onejobtest\Application\Mina\Common\common.php 第 20 行.
NOTIC: [8] A session had already been started - ignoring session_start() D:\TortoiseSVNspace\onejobtest\Application\Mina\Controller\UserController.class.php 第 56 行.
NOTIC: [8] Undefined index: a D:\TortoiseSVNspace\onejobtest\Application\Mina\Controller\UserController.class.php 第 58 行.
NOTIC: [8] Undefined index: a D:\TortoiseSVNspace\onejobtest\Application\Mina\Controller\UserController.class.php 第 59 行.

[ 2017-03-06T22:32:04+08:00 ] 127.0.0.1 /index.php/Mina/User/user_info
INFO: [ app_init ] --START--
INFO: Run Behavior\BuildLiteBehavior [ RunTime:0.000000s ]
INFO: [ app_init ] --END-- [ RunTime:0.000000s ]
INFO: [ app_begin ] --START--
INFO: Run Behavior\ReadHtmlCacheBehavior [ RunTime:0.001000s ]
INFO: [ app_begin ] --END-- [ RunTime:0.001000s ]
NOTIC: [8] Undefined index: openid D:\TortoiseSVNspace\onejobtest\Application\Mina\Common\common.php 第 20 行.
NOTIC: [8] A session had already been started - ignoring session_start() D:\TortoiseSVNspace\onejobtest\Application\Mina\Controller\UserController.class.php 第 56 行.
NOTIC: [8] Undefined index: a D:\TortoiseSVNspace\onejobtest\Application\Mina\Controller\UserController.class.php 第 58 行.
NOTIC: [8] Undefined index: a D:\TortoiseSVNspace\onejobtest\Application\Mina\Controller\UserController.class.php 第 59 行.

[ 2017-03-06T22:32:12+08:00 ] 127.0.0.1 /index.php/Mina/User/user_info
INFO: [ app_init ] --START--
INFO: Run Behavior\BuildLiteBehavior [ RunTime:0.000000s ]
INFO: [ app_init ] --END-- [ RunTime:0.000000s ]
INFO: [ app_begin ] --START--
INFO: Run Behavior\ReadHtmlCacheBehavior [ RunTime:0.000000s ]
INFO: [ app_begin ] --END-- [ RunTime:0.000000s ]
NOTIC: [8] Undefined index: openid D:\TortoiseSVNspace\onejobtest\Application\Mina\Common\common.php 第 20 行.
NOTIC: [8] A session had already been started - ignoring session_start() D:\TortoiseSVNspace\onejobtest\Application\Mina\Controller\UserController.class.php 第 56 行.

[ 2017-03-06T22:32:15+08:00 ] 127.0.0.1 /index.php/Mina/User/user_info2
INFO: [ app_init ] --START--
INFO: Run Behavior\BuildLiteBehavior [ RunTime:0.000000s ]
INFO: [ app_init ] --END-- [ RunTime:0.000000s ]
INFO: [ app_begin ] --START--
INFO: Run Behavior\ReadHtmlCacheBehavior [ RunTime:0.000000s ]
INFO: [ app_begin ] --END-- [ RunTime:0.000000s ]
NOTIC: [8] Undefined index: openid D:\TortoiseSVNspace\onejobtest\Application\Mina\Common\common.php 第 20 行.
NOTIC: [8] A session had already been started - ignoring session_start() D:\TortoiseSVNspace\onejobtest\Application\Mina\Controller\UserController.class.php 第 62 行.

[ 2017-03-06T22:32:19+08:00 ] 127.0.0.1 /index.php/Mina/User/user_info2
INFO: [ app_init ] --START--
INFO: Run Behavior\BuildLiteBehavior [ RunTime:0.000000s ]
INFO: [ app_init ] --END-- [ RunTime:0.000000s ]
INFO: [ app_begin ] --START--
INFO: Run Behavior\ReadHtmlCacheBehavior [ RunTime:0.001000s ]
INFO: [ app_begin ] --END-- [ RunTime:0.001000s ]
NOTIC: [8] Undefined index: openid D:\TortoiseSVNspace\onejobtest\Application\Mina\Common\common.php 第 20 行.
NOTIC: [8] A session had already been started - ignoring session_start() D:\TortoiseSVNspace\onejobtest\Application\Mina\Controller\UserController.class.php 第 62 行.

[ 2017-03-06T22:33:50+08:00 ] 127.0.0.1 /index.php/Mina/User/user_info
INFO: [ app_init ] --START--
INFO: Run Behavior\BuildLiteBehavior [ RunTime:0.000000s ]
INFO: [ app_init ] --END-- [ RunTime:0.000000s ]
INFO: [ app_begin ] --START--
INFO: Run Behavior\ReadHtmlCacheBehavior [ RunTime:0.001000s ]
INFO: [ app_begin ] --END-- [ RunTime:0.001000s ]
NOTIC: [8] Undefined index: openid D:\TortoiseSVNspace\onejobtest\Application\Mina\Common\common.php 第 20 行.
NOTIC: [8] A session had already been started - ignoring session_start() D:\TortoiseSVNspace\onejobtest\Application\Mina\Controller\UserController.class.php 第 56 行.

[ 2017-03-06T22:33:53+08:00 ] 127.0.0.1 /index.php/Mina/User/user_info2
INFO: [ app_init ] --START--
INFO: Run Behavior\BuildLiteBehavior [ RunTime:0.000000s ]
INFO: [ app_init ] --END-- [ RunTime:0.000000s ]
INFO: [ app_begin ] --START--
INFO: Run Behavior\ReadHtmlCacheBehavior [ RunTime:0.000000s ]
INFO: [ app_begin ] --END-- [ RunTime:0.000000s ]
NOTIC: [8] Undefined index: openid D:\TortoiseSVNspace\onejobtest\Application\Mina\Common\common.php 第 20 行.
NOTIC: [8] A session had already been started - ignoring session_start() D:\TortoiseSVNspace\onejobtest\Application\Mina\Controller\UserController.class.php 第 62 行.
NOTIC: [8] Undefined offset: 963789 D:\TortoiseSVNspace\onejobtest\Application\Mina\Controller\UserController.class.php 第 63 行.
NOTIC: [8] Undefined offset: 963789 D:\TortoiseSVNspace\onejobtest\Application\Mina\Controller\UserController.class.php 第 64 行.

[ 2017-03-06T22:34:31+08:00 ] 127.0.0.1 /index.php/Mina/User/user_info
INFO: [ app_init ] --START--
INFO: Run Behavior\BuildLiteBehavior [ RunTime:0.000000s ]
INFO: [ app_init ] --END-- [ RunTime:0.000000s ]
INFO: [ app_begin ] --START--
INFO: Run Behavior\ReadHtmlCacheBehavior [ RunTime:0.001000s ]
INFO: [ app_begin ] --END-- [ RunTime:0.001000s ]
NOTIC: [8] Undefined index: openid D:\TortoiseSVNspace\onejobtest\Application\Mina\Common\common.php 第 20 行.
NOTIC: [8] A session had already been started - ignoring session_start() D:\TortoiseSVNspace\onejobtest\Application\Mina\Controller\UserController.class.php 第 56 行.

[ 2017-03-06T22:34:36+08:00 ] 127.0.0.1 /index.php/Mina/User/user_info2
INFO: [ app_init ] --START--
INFO: Run Behavior\BuildLiteBehavior [ RunTime:0.000000s ]
INFO: [ app_init ] --END-- [ RunTime:0.000000s ]
INFO: [ app_begin ] --START--
INFO: Run Behavior\ReadHtmlCacheBehavior [ RunTime:0.001000s ]
INFO: [ app_begin ] --END-- [ RunTime:0.001000s ]
NOTIC: [8] Undefined index: openid D:\TortoiseSVNspace\onejobtest\Application\Mina\Common\common.php 第 20 行.
NOTIC: [8] A session had already been started - ignoring session_start() D:\TortoiseSVNspace\onejobtest\Application\Mina\Controller\UserController.class.php 第 62 行.

[ 2017-03-06T22:48:40+08:00 ] 127.0.0.1 /index.php/Mina/Users/is_login?third_session=ts732272
INFO: [ app_init ] --START--
INFO: Run Behavior\BuildLiteBehavior [ RunTime:0.000000s ]
INFO: [ app_init ] --END-- [ RunTime:0.000000s ]
INFO: [ app_begin ] --START--
INFO: Run Behavior\ReadHtmlCacheBehavior [ RunTime:0.000000s ]
INFO: [ app_begin ] --END-- [ RunTime:0.000000s ]

[ 2017-03-06T22:49:13+08:00 ] 127.0.0.1 /index.php/Mina/User/user_info
INFO: [ app_init ] --START--
INFO: Run Behavior\BuildLiteBehavior [ RunTime:0.000000s ]
INFO: [ app_init ] --END-- [ RunTime:0.000000s ]
INFO: [ app_begin ] --START--
INFO: Run Behavior\ReadHtmlCacheBehavior [ RunTime:0.000000s ]
INFO: [ app_begin ] --END-- [ RunTime:0.000000s ]
NOTIC: [8] Undefined index: openid D:\TortoiseSVNspace\onejobtest\Application\Mina\Common\common.php 第 20 行.

[ 2017-03-06T22:49:21+08:00 ] 127.0.0.1 /index.php/Mina/Users/is_login?third_session=ts732272
INFO: [ app_init ] --START--
INFO: Run Behavior\BuildLiteBehavior [ RunTime:0.000000s ]
INFO: [ app_init ] --END-- [ RunTime:0.000000s ]
INFO: [ app_begin ] --START--
INFO: Run Behavior\ReadHtmlCacheBehavior [ RunTime:0.001000s ]
INFO: [ app_begin ] --END-- [ RunTime:0.001000s ]

[ 2017-03-06T22:55:42+08:00 ] 127.0.0.1 /index.php/Mina/Users/is_login?third_session=ts732272
INFO: [ app_init ] --START--
INFO: Run Behavior\BuildLiteBehavior [ RunTime:0.000000s ]
INFO: [ app_init ] --END-- [ RunTime:0.000000s ]
INFO: [ app_begin ] --START--
INFO: Run Behavior\ReadHtmlCacheBehavior [ RunTime:0.001000s ]
INFO: [ app_begin ] --END-- [ RunTime:0.001000s ]

[ 2017-03-06T22:55:44+08:00 ] 127.0.0.1 /index.php/Mina/Users/is_login?third_session=ts732211
INFO: [ app_init ] --START--
INFO: Run Behavior\BuildLiteBehavior [ RunTime:0.000000s ]
INFO: [ app_init ] --END-- [ RunTime:0.000000s ]
INFO: [ app_begin ] --START--
INFO: Run Behavior\ReadHtmlCacheBehavior [ RunTime:0.001000s ]
INFO: [ app_begin ] --END-- [ RunTime:0.001000s ]

