[ 2017-03-07T23:14:06+08:00 ] 127.0.0.1 /index.php/onejobmanage/Notice/add
INFO: [ app_init ] --START--
INFO: Run Behavior\BuildLiteBehavior [ RunTime:0.001000s ]
INFO: [ app_init ] --END-- [ RunTime:0.001000s ]
INFO: [ app_begin ] --START--
INFO: Run Behavior\ReadHtmlCacheBehavior [ RunTime:0.000000s ]
INFO: [ app_begin ] --END-- [ RunTime:0.000000s ]
INFO: [ view_parse ] --START--
INFO: [ template_filter ] --START--
INFO: Run Behavior\ContentReplaceBehavior [ RunTime:0.000000s ]
INFO: [ template_filter ] --END-- [ RunTime:0.000000s ]
INFO: Run Behavior\ParseTemplateBehavior [ RunTime:0.047003s ]
INFO: [ view_parse ] --END-- [ RunTime:0.047003s ]
INFO: [ view_filter ] --START--
INFO: Run Behavior\WriteHtmlCacheBehavior [ RunTime:0.000000s ]
INFO: [ view_filter ] --END-- [ RunTime:0.001000s ]

[ 2017-03-07T23:14:09+08:00 ] 127.0.0.1 /index.php/onejobmanage/Login/login.html
INFO: [ app_init ] --START--
INFO: Run Behavior\BuildLiteBehavior [ RunTime:0.000000s ]
INFO: [ app_init ] --END-- [ RunTime:0.000000s ]
INFO: [ app_begin ] --START--
INFO: Run Behavior\ReadHtmlCacheBehavior [ RunTime:0.001000s ]
INFO: [ app_begin ] --END-- [ RunTime:0.001000s ]
INFO: [ view_parse ] --START--
INFO: [ template_filter ] --START--
INFO: Run Behavior\ContentReplaceBehavior [ RunTime:0.000000s ]
INFO: [ template_filter ] --END-- [ RunTime:0.000000s ]
INFO: Run Behavior\ParseTemplateBehavior [ RunTime:0.008001s ]
INFO: [ view_parse ] --END-- [ RunTime:0.008001s ]
INFO: [ view_filter ] --START--
INFO: Run Behavior\WriteHtmlCacheBehavior [ RunTime:0.000000s ]
INFO: [ view_filter ] --END-- [ RunTime:0.000000s ]
INFO: [ app_end ] --START--
INFO: Run Behavior\ShowPageTraceBehavior [ RunTime:0.001000s ]
INFO: [ app_end ] --END-- [ RunTime:0.001000s ]

[ 2017-03-07T23:14:10+08:00 ] 127.0.0.1 /index.php/onejobmanage/Login/verify.html
INFO: [ app_init ] --START--
INFO: Run Behavior\BuildLiteBehavior [ RunTime:0.000000s ]
INFO: [ app_init ] --END-- [ RunTime:0.000000s ]
INFO: [ app_begin ] --START--
INFO: Run Behavior\ReadHtmlCacheBehavior [ RunTime:0.001000s ]
INFO: [ app_begin ] --END-- [ RunTime:0.001000s ]
INFO: [ app_end ] --START--
INFO: Run Behavior\ShowPageTraceBehavior [ RunTime:0.001000s ]
INFO: [ app_end ] --END-- [ RunTime:0.001000s ]

[ 2017-03-07T23:14:18+08:00 ] 127.0.0.1 /index.php/onejobmanage/Login/doLogin.html
INFO: [ app_init ] --START--
INFO: Run Behavior\BuildLiteBehavior [ RunTime:0.000000s ]
INFO: [ app_init ] --END-- [ RunTime:0.000000s ]
INFO: [ app_begin ] --START--
INFO: Run Behavior\ReadHtmlCacheBehavior [ RunTime:0.000000s ]
INFO: [ app_begin ] --END-- [ RunTime:0.000000s ]
NOTIC: [2] Missing argument 1 for I(), called in D:\TortoiseSVNspace\onejobtest\Application\Admin\Controller\LoginController.class.php on line 23 and defined D:\TortoiseSVNspace\onejobtest\ThinkPHP\Common\functions.php 第 271 行.
NOTIC: [8] Undefined variable: name D:\TortoiseSVNspace\onejobtest\ThinkPHP\Common\functions.php 第 273 行.
NOTIC: [8] Undefined variable: name D:\TortoiseSVNspace\onejobtest\ThinkPHP\Common\functions.php 第 278 行.
NOTIC: [8] Undefined variable: name D:\TortoiseSVNspace\onejobtest\ThinkPHP\Common\functions.php 第 339 行.
SQL: SHOW COLUMNS FROM `oj_admin` [ RunTime:0.0310s ]
SQL: SELECT * FROM `oj_admin` WHERE ( username = "admin" ) LIMIT 1   [ RunTime:0.0300s ]
SQL: UPDATE `oj_admin` SET `login_ip`='127.0.0.1',`login_time`='1488899658' WHERE `id` = 4 [ RunTime:0.0430s ]

[ 2017-03-07T23:14:18+08:00 ] 127.0.0.1 /index.php/onejobmanage/Login/verify.html?7606
INFO: [ app_init ] --START--
INFO: Run Behavior\BuildLiteBehavior [ RunTime:0.000000s ]
INFO: [ app_init ] --END-- [ RunTime:0.000000s ]
INFO: [ app_begin ] --START--
INFO: Run Behavior\ReadHtmlCacheBehavior [ RunTime:0.000000s ]
INFO: [ app_begin ] --END-- [ RunTime:0.000000s ]
INFO: [ app_end ] --START--
INFO: Run Behavior\ShowPageTraceBehavior [ RunTime:0.001000s ]
INFO: [ app_end ] --END-- [ RunTime:0.001000s ]

[ 2017-03-07T23:14:19+08:00 ] 127.0.0.1 /index.php/onejobmanage/Index/index.html
INFO: [ app_init ] --START--
INFO: Run Behavior\BuildLiteBehavior [ RunTime:0.000000s ]
INFO: [ app_init ] --END-- [ RunTime:0.000000s ]
INFO: [ app_begin ] --START--
INFO: Run Behavior\ReadHtmlCacheBehavior [ RunTime:0.000000s ]
INFO: [ app_begin ] --END-- [ RunTime:0.000000s ]
SQL: SHOW COLUMNS FROM `oj_user` [ RunTime:0.0300s ]
SQL: SELECT COUNT(*) AS tp_count FROM `oj_user` WHERE ( type=1 ) LIMIT 1   [ RunTime:0.0290s ]
SQL: SELECT COUNT(*) AS tp_count FROM `oj_user` WHERE ( type=2 ) LIMIT 1   [ RunTime:0.0300s ]
SQL: SHOW COLUMNS FROM `oj_resume` [ RunTime:0.0300s ]
SQL: SELECT COUNT(*) AS tp_count FROM `oj_resume` LIMIT 1   [ RunTime:0.0290s ]
SQL: SHOW COLUMNS FROM `oj_job` [ RunTime:0.0310s ]
SQL: SELECT COUNT(*) AS tp_count FROM `oj_job` LIMIT 1   [ RunTime:0.0300s ]
SQL: SHOW COLUMNS FROM `oj_link` [ RunTime:0.0300s ]
SQL: SELECT COUNT(*) AS tp_count FROM `oj_link` LIMIT 1   [ RunTime:0.0290s ]
SQL: SELECT COUNT(*) AS tp_count FROM `oj_user` WHERE ( type=1 and state=1 ) LIMIT 1   [ RunTime:0.0300s ]
SQL: SELECT COUNT(*) AS tp_count FROM `oj_user` WHERE ( type=1 and state=0 ) LIMIT 1   [ RunTime:0.0300s ]
SQL: SHOW COLUMNS FROM `oj_company` [ RunTime:0.0300s ]
SQL: SELECT COUNT(*) AS tp_count FROM `oj_company` WHERE ( state=1 ) LIMIT 1   [ RunTime:0.0300s ]
SQL: SELECT COUNT(*) AS tp_count FROM `oj_company` WHERE ( state=2 ) LIMIT 1   [ RunTime:0.0300s ]
INFO: [ view_parse ] --START--
INFO: [ template_filter ] --START--
INFO: Run Behavior\ContentReplaceBehavior [ RunTime:0.000000s ]
INFO: [ template_filter ] --END-- [ RunTime:0.000000s ]
NOTIC: [8] Use of undefined constant index - assumed 'index' D:\TortoiseSVNspace\onejobtest\Application\Runtime\Cache\Admin\b595b808c2ebeeeb0478ffc30bb4e87a.php 第 102 行.
NOTIC: [8] Use of undefined constant index - assumed 'index' D:\TortoiseSVNspace\onejobtest\Application\Runtime\Cache\Admin\b595b808c2ebeeeb0478ffc30bb4e87a.php 第 109 行.
NOTIC: [8] Use of undefined constant index - assumed 'index' D:\TortoiseSVNspace\onejobtest\Application\Runtime\Cache\Admin\b595b808c2ebeeeb0478ffc30bb4e87a.php 第 131 行.
NOTIC: [8] Use of undefined constant index - assumed 'index' D:\TortoiseSVNspace\onejobtest\Application\Runtime\Cache\Admin\b595b808c2ebeeeb0478ffc30bb4e87a.php 第 147 行.
NOTIC: [8] Use of undefined constant ac - assumed 'ac' D:\TortoiseSVNspace\onejobtest\Application\Runtime\Cache\Admin\b595b808c2ebeeeb0478ffc30bb4e87a.php 第 154 行.
NOTIC: [8] Use of undefined constant ac - assumed 'ac' D:\TortoiseSVNspace\onejobtest\Application\Runtime\Cache\Admin\b595b808c2ebeeeb0478ffc30bb4e87a.php 第 160 行.
NOTIC: [8] Use of undefined constant index - assumed 'index' D:\TortoiseSVNspace\onejobtest\Application\Runtime\Cache\Admin\b595b808c2ebeeeb0478ffc30bb4e87a.php 第 169 行.
NOTIC: [8] Use of undefined constant ac - assumed 'ac' D:\TortoiseSVNspace\onejobtest\Application\Runtime\Cache\Admin\b595b808c2ebeeeb0478ffc30bb4e87a.php 第 176 行.
NOTIC: [8] Use of undefined constant index - assumed 'index' D:\TortoiseSVNspace\onejobtest\Application\Runtime\Cache\Admin\b595b808c2ebeeeb0478ffc30bb4e87a.php 第 185 行.
NOTIC: [8] Use of undefined constant ac - assumed 'ac' D:\TortoiseSVNspace\onejobtest\Application\Runtime\Cache\Admin\b595b808c2ebeeeb0478ffc30bb4e87a.php 第 192 行.
NOTIC: [8] Use of undefined constant index - assumed 'index' D:\TortoiseSVNspace\onejobtest\Application\Runtime\Cache\Admin\b595b808c2ebeeeb0478ffc30bb4e87a.php 第 201 行.
INFO: Run Behavior\ParseTemplateBehavior [ RunTime:0.020001s ]
INFO: [ view_parse ] --END-- [ RunTime:0.020001s ]
INFO: [ view_filter ] --START--
INFO: Run Behavior\WriteHtmlCacheBehavior [ RunTime:0.001000s ]
INFO: [ view_filter ] --END-- [ RunTime:0.001000s ]
INFO: [ app_end ] --START--
INFO: Run Behavior\ShowPageTraceBehavior [ RunTime:0.002001s ]
INFO: [ app_end ] --END-- [ RunTime:0.002001s ]

[ 2017-03-07T23:14:21+08:00 ] 127.0.0.1 /index.php/onejobmanage/Company/index.html
INFO: [ app_init ] --START--
INFO: Run Behavior\BuildLiteBehavior [ RunTime:0.000000s ]
INFO: [ app_init ] --END-- [ RunTime:0.000000s ]
INFO: [ app_begin ] --START--
INFO: Run Behavior\ReadHtmlCacheBehavior [ RunTime:0.001000s ]
INFO: [ app_begin ] --END-- [ RunTime:0.001000s ]
SQL: SHOW COLUMNS FROM `oj_company` [ RunTime:0.0370s ]
SQL: SELECT COUNT(*) AS tp_count FROM `oj_company` WHERE `name` LIKE '%' LIMIT 1   [ RunTime:0.0290s ]
SQL: SELECT * FROM `oj_company` WHERE `name` LIKE '%' LIMIT 0,50   [ RunTime:0.0580s ]
INFO: [ view_parse ] --START--
INFO: [ template_filter ] --START--
INFO: Run Behavior\ContentReplaceBehavior [ RunTime:0.000000s ]
INFO: [ template_filter ] --END-- [ RunTime:0.000000s ]
NOTIC: [8] Use of undefined constant company - assumed 'company' D:\TortoiseSVNspace\onejobtest\Application\Runtime\Cache\Admin\6eb939ff62aea883767ed8fa0a0c5387.php 第 102 行.
NOTIC: [8] Use of undefined constant company - assumed 'company' D:\TortoiseSVNspace\onejobtest\Application\Runtime\Cache\Admin\6eb939ff62aea883767ed8fa0a0c5387.php 第 109 行.
NOTIC: [8] Use of undefined constant company - assumed 'company' D:\TortoiseSVNspace\onejobtest\Application\Runtime\Cache\Admin\6eb939ff62aea883767ed8fa0a0c5387.php 第 131 行.
NOTIC: [8] Use of undefined constant company - assumed 'company' D:\TortoiseSVNspace\onejobtest\Application\Runtime\Cache\Admin\6eb939ff62aea883767ed8fa0a0c5387.php 第 147 行.
NOTIC: [8] Use of undefined constant ac - assumed 'ac' D:\TortoiseSVNspace\onejobtest\Application\Runtime\Cache\Admin\6eb939ff62aea883767ed8fa0a0c5387.php 第 154 行.
NOTIC: [8] Use of undefined constant ac - assumed 'ac' D:\TortoiseSVNspace\onejobtest\Application\Runtime\Cache\Admin\6eb939ff62aea883767ed8fa0a0c5387.php 第 160 行.
NOTIC: [8] Use of undefined constant company - assumed 'company' D:\TortoiseSVNspace\onejobtest\Application\Runtime\Cache\Admin\6eb939ff62aea883767ed8fa0a0c5387.php 第 169 行.
NOTIC: [8] Use of undefined constant ac - assumed 'ac' D:\TortoiseSVNspace\onejobtest\Application\Runtime\Cache\Admin\6eb939ff62aea883767ed8fa0a0c5387.php 第 176 行.
NOTIC: [8] Use of undefined constant company - assumed 'company' D:\TortoiseSVNspace\onejobtest\Application\Runtime\Cache\Admin\6eb939ff62aea883767ed8fa0a0c5387.php 第 185 行.
NOTIC: [8] Use of undefined constant ac - assumed 'ac' D:\TortoiseSVNspace\onejobtest\Application\Runtime\Cache\Admin\6eb939ff62aea883767ed8fa0a0c5387.php 第 192 行.
NOTIC: [8] Use of undefined constant company - assumed 'company' D:\TortoiseSVNspace\onejobtest\Application\Runtime\Cache\Admin\6eb939ff62aea883767ed8fa0a0c5387.php 第 201 行.
NOTIC: [8] Undefined variable: name D:\TortoiseSVNspace\onejobtest\Application\Runtime\Cache\Admin\6eb939ff62aea883767ed8fa0a0c5387.php 第 256 行.
NOTIC: [8] Undefined variable: value D:\TortoiseSVNspace\onejobtest\Application\Runtime\Cache\Admin\6eb939ff62aea883767ed8fa0a0c5387.php 第 305 行.
NOTIC: [8] Undefined variable: value D:\TortoiseSVNspace\onejobtest\Application\Runtime\Cache\Admin\6eb939ff62aea883767ed8fa0a0c5387.php 第 305 行.
NOTIC: [8] Undefined variable: value D:\TortoiseSVNspace\onejobtest\Application\Runtime\Cache\Admin\6eb939ff62aea883767ed8fa0a0c5387.php 第 305 行.
NOTIC: [8] Undefined variable: value D:\TortoiseSVNspace\onejobtest\Application\Runtime\Cache\Admin\6eb939ff62aea883767ed8fa0a0c5387.php 第 305 行.
NOTIC: [8] Undefined variable: value D:\TortoiseSVNspace\onejobtest\Application\Runtime\Cache\Admin\6eb939ff62aea883767ed8fa0a0c5387.php 第 305 行.
NOTIC: [8] Undefined variable: value D:\TortoiseSVNspace\onejobtest\Application\Runtime\Cache\Admin\6eb939ff62aea883767ed8fa0a0c5387.php 第 305 行.
NOTIC: [8] Undefined variable: value D:\TortoiseSVNspace\onejobtest\Application\Runtime\Cache\Admin\6eb939ff62aea883767ed8fa0a0c5387.php 第 305 行.
NOTIC: [8] Undefined variable: value D:\TortoiseSVNspace\onejobtest\Application\Runtime\Cache\Admin\6eb939ff62aea883767ed8fa0a0c5387.php 第 305 行.
NOTIC: [8] Undefined variable: value D:\TortoiseSVNspace\onejobtest\Application\Runtime\Cache\Admin\6eb939ff62aea883767ed8fa0a0c5387.php 第 305 行.
NOTIC: [8] Undefined variable: value D:\TortoiseSVNspace\onejobtest\Application\Runtime\Cache\Admin\6eb939ff62aea883767ed8fa0a0c5387.php 第 305 行.
NOTIC: [8] Undefined variable: value D:\TortoiseSVNspace\onejobtest\Application\Runtime\Cache\Admin\6eb939ff62aea883767ed8fa0a0c5387.php 第 305 行.
NOTIC: [8] Undefined variable: value D:\TortoiseSVNspace\onejobtest\Application\Runtime\Cache\Admin\6eb939ff62aea883767ed8fa0a0c5387.php 第 305 行.
NOTIC: [8] Undefined variable: value D:\TortoiseSVNspace\onejobtest\Application\Runtime\Cache\Admin\6eb939ff62aea883767ed8fa0a0c5387.php 第 305 行.
NOTIC: [8] Undefined variable: value D:\TortoiseSVNspace\onejobtest\Application\Runtime\Cache\Admin\6eb939ff62aea883767ed8fa0a0c5387.php 第 305 行.
NOTIC: [8] Undefined variable: value D:\TortoiseSVNspace\onejobtest\Application\Runtime\Cache\Admin\6eb939ff62aea883767ed8fa0a0c5387.php 第 305 行.
NOTIC: [8] Undefined variable: value D:\TortoiseSVNspace\onejobtest\Application\Runtime\Cache\Admin\6eb939ff62aea883767ed8fa0a0c5387.php 第 305 行.
NOTIC: [8] Undefined variable: value D:\TortoiseSVNspace\onejobtest\Application\Runtime\Cache\Admin\6eb939ff62aea883767ed8fa0a0c5387.php 第 305 行.
NOTIC: [8] Undefined variable: value D:\TortoiseSVNspace\onejobtest\Application\Runtime\Cache\Admin\6eb939ff62aea883767ed8fa0a0c5387.php 第 305 行.
NOTIC: [8] Undefined variable: value D:\TortoiseSVNspace\onejobtest\Application\Runtime\Cache\Admin\6eb939ff62aea883767ed8fa0a0c5387.php 第 305 行.
NOTIC: [8] Undefined variable: value D:\TortoiseSVNspace\onejobtest\Application\Runtime\Cache\Admin\6eb939ff62aea883767ed8fa0a0c5387.php 第 305 行.
NOTIC: [8] Undefined variable: value D:\TortoiseSVNspace\onejobtest\Application\Runtime\Cache\Admin\6eb939ff62aea883767ed8fa0a0c5387.php 第 305 行.
NOTIC: [8] Undefined variable: value D:\TortoiseSVNspace\onejobtest\Application\Runtime\Cache\Admin\6eb939ff62aea883767ed8fa0a0c5387.php 第 305 行.
NOTIC: [8] Undefined variable: value D:\TortoiseSVNspace\onejobtest\Application\Runtime\Cache\Admin\6eb939ff62aea883767ed8fa0a0c5387.php 第 305 行.
NOTIC: [8] Undefined variable: value D:\TortoiseSVNspace\onejobtest\Application\Runtime\Cache\Admin\6eb939ff62aea883767ed8fa0a0c5387.php 第 305 行.
NOTIC: [8] Undefined variable: value D:\TortoiseSVNspace\onejobtest\Application\Runtime\Cache\Admin\6eb939ff62aea883767ed8fa0a0c5387.php 第 305 行.
NOTIC: [8] Undefined variable: value D:\TortoiseSVNspace\onejobtest\Application\Runtime\Cache\Admin\6eb939ff62aea883767ed8fa0a0c5387.php 第 305 行.
NOTIC: [8] Undefined variable: value D:\TortoiseSVNspace\onejobtest\Application\Runtime\Cache\Admin\6eb939ff62aea883767ed8fa0a0c5387.php 第 305 行.
NOTIC: [8] Undefined variable: value D:\TortoiseSVNspace\onejobtest\Application\Runtime\Cache\Admin\6eb939ff62aea883767ed8fa0a0c5387.php 第 305 行.
NOTIC: [8] Undefined variable: value D:\TortoiseSVNspace\onejobtest\Application\Runtime\Cache\Admin\6eb939ff62aea883767ed8fa0a0c5387.php 第 305 行.
NOTIC: [8] Undefined variable: value D:\TortoiseSVNspace\onejobtest\Application\Runtime\Cache\Admin\6eb939ff62aea883767ed8fa0a0c5387.php 第 305 行.
NOTIC: [8] Undefined variable: value D:\TortoiseSVNspace\onejobtest\Application\Runtime\Cache\Admin\6eb939ff62aea883767ed8fa0a0c5387.php 第 305 行.
NOTIC: [8] Undefined variable: value D:\TortoiseSVNspace\onejobtest\Application\Runtime\Cache\Admin\6eb939ff62aea883767ed8fa0a0c5387.php 第 305 行.
NOTIC: [8] Undefined variable: value D:\TortoiseSVNspace\onejobtest\Application\Runtime\Cache\Admin\6eb939ff62aea883767ed8fa0a0c5387.php 第 305 行.
NOTIC: [8] Undefined variable: value D:\TortoiseSVNspace\onejobtest\Application\Runtime\Cache\Admin\6eb939ff62aea883767ed8fa0a0c5387.php 第 305 行.
NOTIC: [8] Undefined variable: value D:\TortoiseSVNspace\onejobtest\Application\Runtime\Cache\Admin\6eb939ff62aea883767ed8fa0a0c5387.php 第 305 行.
NOTIC: [8] Undefined variable: value D:\TortoiseSVNspace\onejobtest\Application\Runtime\Cache\Admin\6eb939ff62aea883767ed8fa0a0c5387.php 第 305 行.
NOTIC: [8] Undefined variable: value D:\TortoiseSVNspace\onejobtest\Application\Runtime\Cache\Admin\6eb939ff62aea883767ed8fa0a0c5387.php 第 305 行.
NOTIC: [8] Undefined variable: value D:\TortoiseSVNspace\onejobtest\Application\Runtime\Cache\Admin\6eb939ff62aea883767ed8fa0a0c5387.php 第 305 行.
NOTIC: [8] Undefined variable: value D:\TortoiseSVNspace\onejobtest\Application\Runtime\Cache\Admin\6eb939ff62aea883767ed8fa0a0c5387.php 第 305 行.
NOTIC: [8] Undefined variable: value D:\TortoiseSVNspace\onejobtest\Application\Runtime\Cache\Admin\6eb939ff62aea883767ed8fa0a0c5387.php 第 305 行.
NOTIC: [8] Undefined variable: value D:\TortoiseSVNspace\onejobtest\Application\Runtime\Cache\Admin\6eb939ff62aea883767ed8fa0a0c5387.php 第 305 行.
NOTIC: [8] Undefined variable: value D:\TortoiseSVNspace\onejobtest\Application\Runtime\Cache\Admin\6eb939ff62aea883767ed8fa0a0c5387.php 第 305 行.
NOTIC: [8] Undefined variable: value D:\TortoiseSVNspace\onejobtest\Application\Runtime\Cache\Admin\6eb939ff62aea883767ed8fa0a0c5387.php 第 305 行.
NOTIC: [8] Undefined variable: value D:\TortoiseSVNspace\onejobtest\Application\Runtime\Cache\Admin\6eb939ff62aea883767ed8fa0a0c5387.php 第 305 行.
NOTIC: [8] Undefined variable: value D:\TortoiseSVNspace\onejobtest\Application\Runtime\Cache\Admin\6eb939ff62aea883767ed8fa0a0c5387.php 第 305 行.
NOTIC: [8] Undefined variable: value D:\TortoiseSVNspace\onejobtest\Application\Runtime\Cache\Admin\6eb939ff62aea883767ed8fa0a0c5387.php 第 305 行.
NOTIC: [8] Undefined variable: value D:\TortoiseSVNspace\onejobtest\Application\Runtime\Cache\Admin\6eb939ff62aea883767ed8fa0a0c5387.php 第 305 行.
NOTIC: [8] Undefined variable: value D:\TortoiseSVNspace\onejobtest\Application\Runtime\Cache\Admin\6eb939ff62aea883767ed8fa0a0c5387.php 第 305 行.
NOTIC: [8] Undefined variable: value D:\TortoiseSVNspace\onejobtest\Application\Runtime\Cache\Admin\6eb939ff62aea883767ed8fa0a0c5387.php 第 305 行.
NOTIC: [8] Undefined variable: value D:\TortoiseSVNspace\onejobtest\Application\Runtime\Cache\Admin\6eb939ff62aea883767ed8fa0a0c5387.php 第 305 行.
INFO: Run Behavior\ParseTemplateBehavior [ RunTime:0.019001s ]
INFO: [ view_parse ] --END-- [ RunTime:0.019001s ]
INFO: [ view_filter ] --START--
INFO: Run Behavior\WriteHtmlCacheBehavior [ RunTime:0.001000s ]
INFO: [ view_filter ] --END-- [ RunTime:0.001000s ]
INFO: [ app_end ] --START--
INFO: Run Behavior\ShowPageTraceBehavior [ RunTime:0.001000s ]
INFO: [ app_end ] --END-- [ RunTime:0.001000s ]

[ 2017-03-07T23:15:36+08:00 ] 127.0.0.1 /index.php/onejobmanage/Type/index.html
INFO: [ app_init ] --START--
INFO: Run Behavior\BuildLiteBehavior [ RunTime:0.000000s ]
INFO: [ app_init ] --END-- [ RunTime:0.000000s ]
INFO: [ app_begin ] --START--
INFO: Run Behavior\ReadHtmlCacheBehavior [ RunTime:0.001000s ]
INFO: [ app_begin ] --END-- [ RunTime:0.001000s ]
SQL: SHOW COLUMNS FROM `oj_job_category` [ RunTime:0.0310s ]
SQL: SELECT * FROM `oj_job_category`  [ RunTime:0.0340s ]
INFO: [ view_parse ] --START--
INFO: [ template_filter ] --START--
INFO: Run Behavior\ContentReplaceBehavior [ RunTime:0.001000s ]
INFO: [ template_filter ] --END-- [ RunTime:0.001000s ]
NOTIC: [8] Use of undefined constant type - assumed 'type' D:\TortoiseSVNspace\onejobtest\Application\Runtime\Cache\Admin\3b6e6feb5346d731534a67390cc3c121.php 第 102 行.
NOTIC: [8] Use of undefined constant type - assumed 'type' D:\TortoiseSVNspace\onejobtest\Application\Runtime\Cache\Admin\3b6e6feb5346d731534a67390cc3c121.php 第 109 行.
NOTIC: [8] Use of undefined constant type - assumed 'type' D:\TortoiseSVNspace\onejobtest\Application\Runtime\Cache\Admin\3b6e6feb5346d731534a67390cc3c121.php 第 131 行.
NOTIC: [8] Use of undefined constant type - assumed 'type' D:\TortoiseSVNspace\onejobtest\Application\Runtime\Cache\Admin\3b6e6feb5346d731534a67390cc3c121.php 第 147 行.
NOTIC: [8] Use of undefined constant ac - assumed 'ac' D:\TortoiseSVNspace\onejobtest\Application\Runtime\Cache\Admin\3b6e6feb5346d731534a67390cc3c121.php 第 154 行.
NOTIC: [8] Use of undefined constant ac - assumed 'ac' D:\TortoiseSVNspace\onejobtest\Application\Runtime\Cache\Admin\3b6e6feb5346d731534a67390cc3c121.php 第 160 行.
NOTIC: [8] Use of undefined constant type - assumed 'type' D:\TortoiseSVNspace\onejobtest\Application\Runtime\Cache\Admin\3b6e6feb5346d731534a67390cc3c121.php 第 169 行.
NOTIC: [8] Use of undefined constant ac - assumed 'ac' D:\TortoiseSVNspace\onejobtest\Application\Runtime\Cache\Admin\3b6e6feb5346d731534a67390cc3c121.php 第 176 行.
NOTIC: [8] Use of undefined constant type - assumed 'type' D:\TortoiseSVNspace\onejobtest\Application\Runtime\Cache\Admin\3b6e6feb5346d731534a67390cc3c121.php 第 185 行.
NOTIC: [8] Use of undefined constant ac - assumed 'ac' D:\TortoiseSVNspace\onejobtest\Application\Runtime\Cache\Admin\3b6e6feb5346d731534a67390cc3c121.php 第 192 行.
NOTIC: [8] Use of undefined constant type - assumed 'type' D:\TortoiseSVNspace\onejobtest\Application\Runtime\Cache\Admin\3b6e6feb5346d731534a67390cc3c121.php 第 201 行.
INFO: Run Behavior\ParseTemplateBehavior [ RunTime:0.019001s ]
INFO: [ view_parse ] --END-- [ RunTime:0.019001s ]
INFO: [ view_filter ] --START--
INFO: Run Behavior\WriteHtmlCacheBehavior [ RunTime:0.001001s ]
INFO: [ view_filter ] --END-- [ RunTime:0.001001s ]
INFO: [ app_end ] --START--
INFO: Run Behavior\ShowPageTraceBehavior [ RunTime:0.001000s ]
INFO: [ app_end ] --END-- [ RunTime:0.001000s ]

[ 2017-03-07T23:15:38+08:00 ] 127.0.0.1 /index.php/onejobmanage/Link/index.html
INFO: [ app_init ] --START--
INFO: Run Behavior\BuildLiteBehavior [ RunTime:0.000000s ]
INFO: [ app_init ] --END-- [ RunTime:0.000000s ]
INFO: [ app_begin ] --START--
INFO: Run Behavior\ReadHtmlCacheBehavior [ RunTime:0.002000s ]
INFO: [ app_begin ] --END-- [ RunTime:0.002000s ]
SQL: SHOW COLUMNS FROM `oj_link` [ RunTime:0.0300s ]
SQL: SELECT * FROM `oj_link`  [ RunTime:0.0360s ]
INFO: [ view_parse ] --START--
INFO: [ template_filter ] --START--
INFO: Run Behavior\ContentReplaceBehavior [ RunTime:0.000000s ]
INFO: [ template_filter ] --END-- [ RunTime:0.000000s ]
NOTIC: [8] Use of undefined constant link - assumed 'link' D:\TortoiseSVNspace\onejobtest\Application\Runtime\Cache\Admin\1e2c869bd8911c3f098d2a5c15bf2453.php 第 102 行.
NOTIC: [8] Use of undefined constant link - assumed 'link' D:\TortoiseSVNspace\onejobtest\Application\Runtime\Cache\Admin\1e2c869bd8911c3f098d2a5c15bf2453.php 第 109 行.
NOTIC: [8] Use of undefined constant link - assumed 'link' D:\TortoiseSVNspace\onejobtest\Application\Runtime\Cache\Admin\1e2c869bd8911c3f098d2a5c15bf2453.php 第 131 行.
NOTIC: [8] Use of undefined constant link - assumed 'link' D:\TortoiseSVNspace\onejobtest\Application\Runtime\Cache\Admin\1e2c869bd8911c3f098d2a5c15bf2453.php 第 147 行.
NOTIC: [8] Use of undefined constant ac - assumed 'ac' D:\TortoiseSVNspace\onejobtest\Application\Runtime\Cache\Admin\1e2c869bd8911c3f098d2a5c15bf2453.php 第 154 行.
NOTIC: [8] Use of undefined constant ac - assumed 'ac' D:\TortoiseSVNspace\onejobtest\Application\Runtime\Cache\Admin\1e2c869bd8911c3f098d2a5c15bf2453.php 第 160 行.
NOTIC: [8] Use of undefined constant link - assumed 'link' D:\TortoiseSVNspace\onejobtest\Application\Runtime\Cache\Admin\1e2c869bd8911c3f098d2a5c15bf2453.php 第 169 行.
NOTIC: [8] Use of undefined constant ac - assumed 'ac' D:\TortoiseSVNspace\onejobtest\Application\Runtime\Cache\Admin\1e2c869bd8911c3f098d2a5c15bf2453.php 第 176 行.
NOTIC: [8] Use of undefined constant link - assumed 'link' D:\TortoiseSVNspace\onejobtest\Application\Runtime\Cache\Admin\1e2c869bd8911c3f098d2a5c15bf2453.php 第 185 行.
NOTIC: [8] Use of undefined constant ac - assumed 'ac' D:\TortoiseSVNspace\onejobtest\Application\Runtime\Cache\Admin\1e2c869bd8911c3f098d2a5c15bf2453.php 第 192 行.
NOTIC: [8] Use of undefined constant link - assumed 'link' D:\TortoiseSVNspace\onejobtest\Application\Runtime\Cache\Admin\1e2c869bd8911c3f098d2a5c15bf2453.php 第 201 行.
NOTIC: [8] Undefined variable: page D:\TortoiseSVNspace\onejobtest\Application\Runtime\Cache\Admin\1e2c869bd8911c3f098d2a5c15bf2453.php 第 297 行.
INFO: Run Behavior\ParseTemplateBehavior [ RunTime:0.024001s ]
INFO: [ view_parse ] --END-- [ RunTime:0.024001s ]
INFO: [ view_filter ] --START--
INFO: Run Behavior\WriteHtmlCacheBehavior [ RunTime:0.001000s ]
INFO: [ view_filter ] --END-- [ RunTime:0.001000s ]
INFO: [ app_end ] --START--
INFO: Run Behavior\ShowPageTraceBehavior [ RunTime:0.001000s ]
INFO: [ app_end ] --END-- [ RunTime:0.001000s ]

[ 2017-03-07T23:15:46+08:00 ] 127.0.0.1 /index.php/onejobmanage/Link/delete/id/64.html
INFO: [ app_init ] --START--
INFO: Run Behavior\BuildLiteBehavior [ RunTime:0.000000s ]
INFO: [ app_init ] --END-- [ RunTime:0.000000s ]
INFO: [ app_begin ] --START--
INFO: Run Behavior\ReadHtmlCacheBehavior [ RunTime:0.001000s ]
INFO: [ app_begin ] --END-- [ RunTime:0.001000s ]
SQL: SHOW COLUMNS FROM `oj_link` [ RunTime:0.0300s ]
SQL: DELETE FROM `oj_link` WHERE ( id=64 ) [ RunTime:0.0370s ]

[ 2017-03-07T23:15:46+08:00 ] 127.0.0.1 /index.php/onejobmanage/Link/index.html
INFO: [ app_init ] --START--
INFO: Run Behavior\BuildLiteBehavior [ RunTime:0.000000s ]
INFO: [ app_init ] --END-- [ RunTime:0.000000s ]
INFO: [ app_begin ] --START--
INFO: Run Behavior\ReadHtmlCacheBehavior [ RunTime:0.000000s ]
INFO: [ app_begin ] --END-- [ RunTime:0.001000s ]
SQL: SHOW COLUMNS FROM `oj_link` [ RunTime:0.0310s ]
SQL: SELECT * FROM `oj_link`  [ RunTime:0.0310s ]
INFO: [ view_parse ] --START--
INFO: [ template_filter ] --START--
INFO: Run Behavior\ContentReplaceBehavior [ RunTime:0.000000s ]
INFO: [ template_filter ] --END-- [ RunTime:0.000000s ]
NOTIC: [8] Use of undefined constant link - assumed 'link' D:\TortoiseSVNspace\onejobtest\Application\Runtime\Cache\Admin\1e2c869bd8911c3f098d2a5c15bf2453.php 第 102 行.
NOTIC: [8] Use of undefined constant link - assumed 'link' D:\TortoiseSVNspace\onejobtest\Application\Runtime\Cache\Admin\1e2c869bd8911c3f098d2a5c15bf2453.php 第 109 行.
NOTIC: [8] Use of undefined constant link - assumed 'link' D:\TortoiseSVNspace\onejobtest\Application\Runtime\Cache\Admin\1e2c869bd8911c3f098d2a5c15bf2453.php 第 131 行.
NOTIC: [8] Use of undefined constant link - assumed 'link' D:\TortoiseSVNspace\onejobtest\Application\Runtime\Cache\Admin\1e2c869bd8911c3f098d2a5c15bf2453.php 第 147 行.
NOTIC: [8] Use of undefined constant ac - assumed 'ac' D:\TortoiseSVNspace\onejobtest\Application\Runtime\Cache\Admin\1e2c869bd8911c3f098d2a5c15bf2453.php 第 154 行.
NOTIC: [8] Use of undefined constant ac - assumed 'ac' D:\TortoiseSVNspace\onejobtest\Application\Runtime\Cache\Admin\1e2c869bd8911c3f098d2a5c15bf2453.php 第 160 行.
NOTIC: [8] Use of undefined constant link - assumed 'link' D:\TortoiseSVNspace\onejobtest\Application\Runtime\Cache\Admin\1e2c869bd8911c3f098d2a5c15bf2453.php 第 169 行.
NOTIC: [8] Use of undefined constant ac - assumed 'ac' D:\TortoiseSVNspace\onejobtest\Application\Runtime\Cache\Admin\1e2c869bd8911c3f098d2a5c15bf2453.php 第 176 行.
NOTIC: [8] Use of undefined constant link - assumed 'link' D:\TortoiseSVNspace\onejobtest\Application\Runtime\Cache\Admin\1e2c869bd8911c3f098d2a5c15bf2453.php 第 185 行.
NOTIC: [8] Use of undefined constant ac - assumed 'ac' D:\TortoiseSVNspace\onejobtest\Application\Runtime\Cache\Admin\1e2c869bd8911c3f098d2a5c15bf2453.php 第 192 行.
NOTIC: [8] Use of undefined constant link - assumed 'link' D:\TortoiseSVNspace\onejobtest\Application\Runtime\Cache\Admin\1e2c869bd8911c3f098d2a5c15bf2453.php 第 201 行.
NOTIC: [8] Undefined variable: page D:\TortoiseSVNspace\onejobtest\Application\Runtime\Cache\Admin\1e2c869bd8911c3f098d2a5c15bf2453.php 第 297 行.
INFO: Run Behavior\ParseTemplateBehavior [ RunTime:0.012001s ]
INFO: [ view_parse ] --END-- [ RunTime:0.012001s ]
INFO: [ view_filter ] --START--
INFO: Run Behavior\WriteHtmlCacheBehavior [ RunTime:0.000000s ]
INFO: [ view_filter ] --END-- [ RunTime:0.000000s ]
INFO: [ app_end ] --START--
INFO: Run Behavior\ShowPageTraceBehavior [ RunTime:0.001000s ]
INFO: [ app_end ] --END-- [ RunTime:0.001000s ]

